{"/home/brunoadsba/sgn/src/app/layout.tsx": {"path":"/home/brunoadsba/sgn/src/app/layout.tsx","statementMap":{"0":{"start":{"line":15,"column":24},"end":{"line":15,"column":35}},"1":{"start":{"line":10,"column":13},"end":{"line":10,"column":24}},"2":{"start":{"line":1,"column":22},"end":{"line":1,"column":null}},"3":{"start":{"line":2,"column":7},"end":{"line":2,"column":null}},"4":{"start":{"line":3,"column":30},"end":{"line":3,"column":null}},"5":{"start":{"line":5,"column":14},"end":{"line":8,"column":null}},"6":{"start":{"line":10,"column":24},"end":{"line":13,"column":null}}},"fnMap":{"0":{"name":"RootLayout","decl":{"start":{"line":15,"column":24},"end":{"line":15,"column":35}},"loc":{"start":{"line":19,"column":1},"end":{"line":88,"column":null}}}},"branchMap":{},"s":{"0":0,"1":0,"2":0,"3":0,"4":0,"5":0,"6":0},"f":{"0":0},"b":{}}
,"/home/brunoadsba/sgn/src/app/loading.tsx": {"path":"/home/brunoadsba/sgn/src/app/loading.tsx","statementMap":{"0":{"start":{"line":4,"column":24},"end":{"line":4,"column":null}},"1":{"start":{"line":1,"column":28},"end":{"line":1,"column":null}}},"fnMap":{"0":{"name":"Loading","decl":{"start":{"line":4,"column":24},"end":{"line":4,"column":null}},"loc":{"start":{"line":4,"column":24},"end":{"line":11,"column":null}}}},"branchMap":{},"s":{"0":0,"1":0},"f":{"0":0},"b":{}}
,"/home/brunoadsba/sgn/src/app/manifest.ts": {"path":"/home/brunoadsba/sgn/src/app/manifest.ts","statementMap":{"0":{"start":{"line":3,"column":24},"end":{"line":3,"column":null}},"1":{"start":{"line":4,"column":2},"end":{"line":39,"column":null}}},"fnMap":{"0":{"name":"manifest","decl":{"start":{"line":3,"column":24},"end":{"line":3,"column":null}},"loc":{"start":{"line":3,"column":24},"end":{"line":40,"column":null}}}},"branchMap":{},"s":{"0":0,"1":0},"f":{"0":0},"b":{}}
,"/home/brunoadsba/sgn/src/app/page.tsx": {"path":"/home/brunoadsba/sgn/src/app/page.tsx","statementMap":{"0":{"start":{"line":84,"column":30},"end":{"line":84,"column":null}},"1":{"start":{"line":9,"column":13},"end":{"line":9,"column":23}},"2":{"start":{"line":1,"column":74},"end":{"line":1,"column":null}},"3":{"start":{"line":2,"column":22},"end":{"line":2,"column":null}},"4":{"start":{"line":3,"column":23},"end":{"line":3,"column":null}},"5":{"start":{"line":4,"column":54},"end":{"line":4,"column":null}},"6":{"start":{"line":5,"column":17},"end":{"line":5,"column":null}},"7":{"start":{"line":6,"column":23},"end":{"line":6,"column":null}},"8":{"start":{"line":9,"column":23},"end":{"line":9,"column":null}},"9":{"start":{"line":30,"column":2},"end":{"line":49,"column":null}},"10":{"start":{"line":31,"column":21},"end":{"line":33,"column":null}},"11":{"start":{"line":35,"column":4},"end":{"line":37,"column":null}},"12":{"start":{"line":36,"column":6},"end":{"line":36,"column":null}},"13":{"start":{"line":39,"column":19},"end":{"line":39,"column":null}},"14":{"start":{"line":40,"column":4},"end":{"line":40,"column":null}},"15":{"start":{"line":42,"column":4},"end":{"line":42,"column":null}},"16":{"start":{"line":43,"column":4},"end":{"line":48,"column":null}},"17":{"start":{"line":53,"column":2},"end":{"line":67,"column":null}},"18":{"start":{"line":54,"column":21},"end":{"line":56,"column":null}},"19":{"start":{"line":58,"column":4},"end":{"line":60,"column":null}},"20":{"start":{"line":59,"column":6},"end":{"line":59,"column":null}},"21":{"start":{"line":62,"column":17},"end":{"line":62,"column":null}},"22":{"start":{"line":63,"column":4},"end":{"line":63,"column":null}},"23":{"start":{"line":65,"column":4},"end":{"line":65,"column":null}},"24":{"start":{"line":66,"column":4},"end":{"line":66,"column":null}},"25":{"start":{"line":72,"column":17},"end":{"line":72,"column":null}},"26":{"start":{"line":73,"column":17},"end":{"line":73,"column":null}},"27":{"start":{"line":76,"column":2},"end":{"line":78,"column":null}},"28":{"start":{"line":77,"column":4},"end":{"line":77,"column":null}},"29":{"start":{"line":81,"column":2},"end":{"line":81,"column":null}},"30":{"start":{"line":85,"column":32},"end":{"line":88,"column":null}},"31":{"start":{"line":90,"column":22},"end":{"line":119,"column":null}},"32":{"start":{"line":150,"column":25},"end":{"line":150,"column":36}},"33":{"start":{"line":151,"column":12},"end":{"line":153,"column":null}},"34":{"start":{"line":192,"column":35},"end":{"line":192,"column":null}},"35":{"start":{"line":193,"column":20},"end":{"line":195,"column":null}}},"fnMap":{"0":{"name":"getStats","decl":{"start":{"line":29,"column":15},"end":{"line":29,"column":null}},"loc":{"start":{"line":29,"column":15},"end":{"line":50,"column":null}}},"1":{"name":"getRecentNormas","decl":{"start":{"line":52,"column":15},"end":{"line":52,"column":null}},"loc":{"start":{"line":52,"column":15},"end":{"line":68,"column":null}}},"2":{"name":"getNormaStatus","decl":{"start":{"line":71,"column":9},"end":{"line":71,"column":24}},"loc":{"start":{"line":71,"column":36},"end":{"line":82,"column":null}}},"3":{"name":"DashboardPage","decl":{"start":{"line":84,"column":30},"end":{"line":84,"column":null}},"loc":{"start":{"line":84,"column":30},"end":{"line":240,"column":null}}},"4":{"name":"(anonymous_8)","decl":{"start":{"line":149,"column":27},"end":{"line":149,"column":28}},"loc":{"start":{"line":149,"column":36},"end":{"line":173,"column":null}}},"5":{"name":"(anonymous_9)","decl":{"start":{"line":191,"column":36},"end":{"line":191,"column":37}},"loc":{"start":{"line":191,"column":37},"end":{"line":224,"column":null}}}},"branchMap":{"0":{"loc":{"start":{"line":35,"column":4},"end":{"line":37,"column":null}},"type":"if","locations":[{"start":{"line":35,"column":4},"end":{"line":37,"column":null}},{"start":{},"end":{}}]},"1":{"loc":{"start":{"line":58,"column":4},"end":{"line":60,"column":null}},"type":"if","locations":[{"start":{"line":58,"column":4},"end":{"line":60,"column":null}},{"start":{},"end":{}}]},"2":{"loc":{"start":{"line":63,"column":11},"end":{"line":63,"column":26}},"type":"binary-expr","locations":[{"start":{"line":63,"column":11},"end":{"line":63,"column":20}},{"start":{"line":63,"column":24},"end":{"line":63,"column":26}}]},"3":{"loc":{"start":{"line":72,"column":17},"end":{"line":72,"column":null}},"type":"binary-expr","locations":[{"start":{"line":72,"column":17},"end":{"line":72,"column":48}},{"start":{"line":72,"column":48},"end":{"line":72,"column":null}}]},"4":{"loc":{"start":{"line":73,"column":17},"end":{"line":73,"column":null}},"type":"binary-expr","locations":[{"start":{"line":73,"column":17},"end":{"line":73,"column":48}},{"start":{"line":73,"column":48},"end":{"line":73,"column":null}}]},"5":{"loc":{"start":{"line":76,"column":2},"end":{"line":78,"column":null}},"type":"if","locations":[{"start":{"line":76,"column":2},"end":{"line":78,"column":null}},{"start":{},"end":{}}]},"6":{"loc":{"start":{"line":76,"column":6},"end":{"line":76,"column":66}},"type":"binary-expr","locations":[{"start":{"line":76,"column":6},"end":{"line":76,"column":37}},{"start":{"line":76,"column":37},"end":{"line":76,"column":66}}]},"7":{"loc":{"start":{"line":93,"column":13},"end":{"line":93,"column":null}},"type":"binary-expr","locations":[{"start":{"line":93,"column":13},"end":{"line":93,"column":24}},{"start":{"line":93,"column":28},"end":{"line":93,"column":null}}]},"8":{"loc":{"start":{"line":100,"column":13},"end":{"line":100,"column":null}},"type":"binary-expr","locations":[{"start":{"line":100,"column":13},"end":{"line":100,"column":25}},{"start":{"line":100,"column":29},"end":{"line":100,"column":null}}]},"9":{"loc":{"start":{"line":107,"column":13},"end":{"line":107,"column":null}},"type":"binary-expr","locations":[{"start":{"line":107,"column":13},"end":{"line":107,"column":28}},{"start":{"line":107,"column":32},"end":{"line":107,"column":null}}]},"10":{"loc":{"start":{"line":114,"column":13},"end":{"line":114,"column":null}},"type":"binary-expr","locations":[{"start":{"line":114,"column":13},"end":{"line":114,"column":27}},{"start":{"line":114,"column":31},"end":{"line":114,"column":null}}]},"11":{"loc":{"start":{"line":190,"column":16},"end":{"line":227,"column":17}},"type":"cond-expr","locations":[{"start":{"line":190,"column":16},"end":{"line":227,"column":17}}]},"12":{"loc":{"start":{"line":211,"column":37},"end":{"line":211,"column":null}},"type":"cond-expr","locations":[{"start":{"line":211,"column":58},"end":{"line":211,"column":70}},{"start":{"line":211,"column":70},"end":{"line":211,"column":null}}]},"13":{"loc":{"start":{"line":214,"column":29},"end":{"line":214,"column":null}},"type":"cond-expr","locations":[{"start":{"line":214,"column":50},"end":{"line":214,"column":60}},{"start":{"line":214,"column":60},"end":{"line":214,"column":null}}]}},"s":{"0":0,"1":0,"2":0,"3":0,"4":0,"5":0,"6":0,"7":0,"8":0,"9":0,"10":0,"11":0,"12":0,"13":0,"14":0,"15":0,"16":0,"17":0,"18":0,"19":0,"20":0,"21":0,"22":0,"23":0,"24":0,"25":0,"26":0,"27":0,"28":0,"29":0,"30":0,"31":0,"32":0,"33":0,"34":0,"35":0},"f":{"0":0,"1":0,"2":0,"3":0,"4":0,"5":0},"b":{"0":[0,0],"1":[0,0],"2":[0,0],"3":[0,0],"4":[0,0],"5":[0,0],"6":[0,0],"7":[0,0],"8":[0,0],"9":[0,0],"10":[0,0],"11":[0],"12":[0,0],"13":[0,0]}}
,"/home/brunoadsba/sgn/src/app/sitemap.ts": {"path":"/home/brunoadsba/sgn/src/app/sitemap.ts","statementMap":{"0":{"start":{"line":3,"column":24},"end":{"line":3,"column":null}},"1":{"start":{"line":4,"column":18},"end":{"line":4,"column":null}},"2":{"start":{"line":6,"column":2},"end":{"line":25,"column":null}}},"fnMap":{"0":{"name":"sitemap","decl":{"start":{"line":3,"column":24},"end":{"line":3,"column":null}},"loc":{"start":{"line":3,"column":24},"end":{"line":26,"column":null}}}},"branchMap":{"0":{"loc":{"start":{"line":4,"column":18},"end":{"line":4,"column":null}},"type":"binary-expr","locations":[{"start":{"line":4,"column":18},"end":{"line":4,"column":50}},{"start":{"line":4,"column":54},"end":{"line":4,"column":null}}]}},"s":{"0":0,"1":0,"2":0},"f":{"0":0},"b":{"0":[0,0]}}
,"/home/brunoadsba/sgn/src/app/api/alertas/route.ts": {"path":"/home/brunoadsba/sgn/src/app/api/alertas/route.ts","statementMap":{"0":{"start":{"line":26,"column":22},"end":{"line":26,"column":26}},"1":{"start":{"line":103,"column":22},"end":{"line":103,"column":27}},"2":{"start":{"line":4,"column":13},"end":{"line":4,"column":26}},"3":{"start":{"line":1,"column":25},"end":{"line":1,"column":null}},"4":{"start":{"line":2,"column":29},"end":{"line":2,"column":null}},"5":{"start":{"line":4,"column":26},"end":{"line":4,"column":null}},"6":{"start":{"line":27,"column":2},"end":{"line":100,"column":null}},"7":{"start":{"line":28,"column":29},"end":{"line":28,"column":null}},"8":{"start":{"line":29,"column":17},"end":{"line":29,"column":null}},"9":{"start":{"line":30,"column":18},"end":{"line":30,"column":null}},"10":{"start":{"line":31,"column":22},"end":{"line":31,"column":null}},"11":{"start":{"line":32,"column":19},"end":{"line":32,"column":null}},"12":{"start":{"line":33,"column":23},"end":{"line":33,"column":null}},"13":{"start":{"line":34,"column":17},"end":{"line":34,"column":null}},"14":{"start":{"line":35,"column":19},"end":{"line":35,"column":null}},"15":{"start":{"line":37,"column":16},"end":{"line":40,"column":null}},"16":{"start":{"line":43,"column":4},"end":{"line":45,"column":null}},"17":{"start":{"line":44,"column":6},"end":{"line":44,"column":null}},"18":{"start":{"line":47,"column":4},"end":{"line":49,"column":null}},"19":{"start":{"line":48,"column":6},"end":{"line":48,"column":null}},"20":{"start":{"line":51,"column":4},"end":{"line":53,"column":null}},"21":{"start":{"line":52,"column":6},"end":{"line":52,"column":null}},"22":{"start":{"line":55,"column":4},"end":{"line":57,"column":null}},"23":{"start":{"line":56,"column":6},"end":{"line":56,"column":null}},"24":{"start":{"line":59,"column":44},"end":{"line":61,"column":null}},"25":{"start":{"line":64,"column":4},"end":{"line":74,"column":null}},"26":{"start":{"line":65,"column":6},"end":{"line":72,"column":null}},"27":{"start":{"line":76,"column":4},"end":{"line":91,"column":null}},"28":{"start":{"line":95,"column":4},"end":{"line":95,"column":null}},"29":{"start":{"line":96,"column":4},"end":{"line":98,"column":null}},"30":{"start":{"line":104,"column":2},"end":{"line":201,"column":null}},"31":{"start":{"line":105,"column":17},"end":{"line":105,"column":null}},"32":{"start":{"line":118,"column":8},"end":{"line":118,"column":null}},"33":{"start":{"line":121,"column":4},"end":{"line":126,"column":null}},"34":{"start":{"line":122,"column":6},"end":{"line":124,"column":null}},"35":{"start":{"line":129,"column":25},"end":{"line":129,"column":null}},"36":{"start":{"line":130,"column":31},"end":{"line":130,"column":null}},"37":{"start":{"line":132,"column":4},"end":{"line":137,"column":null}},"38":{"start":{"line":133,"column":6},"end":{"line":135,"column":null}},"39":{"start":{"line":139,"column":4},"end":{"line":144,"column":null}},"40":{"start":{"line":140,"column":6},"end":{"line":142,"column":null}},"41":{"start":{"line":147,"column":51},"end":{"line":152,"column":null}},"42":{"start":{"line":154,"column":4},"end":{"line":159,"column":null}},"43":{"start":{"line":155,"column":6},"end":{"line":157,"column":null}},"44":{"start":{"line":162,"column":40},"end":{"line":178,"column":null}},"45":{"start":{"line":180,"column":4},"end":{"line":185,"column":null}},"46":{"start":{"line":181,"column":6},"end":{"line":183,"column":null}},"47":{"start":{"line":187,"column":4},"end":{"line":192,"column":null}},"48":{"start":{"line":196,"column":4},"end":{"line":196,"column":null}},"49":{"start":{"line":197,"column":4},"end":{"line":199,"column":null}}},"fnMap":{"0":{"name":"GET","decl":{"start":{"line":26,"column":22},"end":{"line":26,"column":26}},"loc":{"start":{"line":26,"column":42},"end":{"line":101,"column":null}}},"1":{"name":"POST","decl":{"start":{"line":103,"column":22},"end":{"line":103,"column":27}},"loc":{"start":{"line":103,"column":43},"end":{"line":202,"column":null}}}},"branchMap":{"0":{"loc":{"start":{"line":29,"column":26},"end":{"line":29,"column":null}},"type":"binary-expr","locations":[{"start":{"line":29,"column":26},"end":{"line":29,"column":54}},{"start":{"line":29,"column":54},"end":{"line":29,"column":null}}]},"1":{"loc":{"start":{"line":30,"column":36},"end":{"line":30,"column":72}},"type":"binary-expr","locations":[{"start":{"line":30,"column":36},"end":{"line":30,"column":65}},{"start":{"line":30,"column":65},"end":{"line":30,"column":72}}]},"2":{"loc":{"start":{"line":43,"column":4},"end":{"line":45,"column":null}},"type":"if","locations":[{"start":{"line":43,"column":4},"end":{"line":45,"column":null}},{"start":{},"end":{}}]},"3":{"loc":{"start":{"line":47,"column":4},"end":{"line":49,"column":null}},"type":"if","locations":[{"start":{"line":47,"column":4},"end":{"line":49,"column":null}},{"start":{},"end":{}}]},"4":{"loc":{"start":{"line":51,"column":4},"end":{"line":53,"column":null}},"type":"if","locations":[{"start":{"line":51,"column":4},"end":{"line":53,"column":null}},{"start":{},"end":{}}]},"5":{"loc":{"start":{"line":55,"column":4},"end":{"line":57,"column":null}},"type":"if","locations":[{"start":{"line":55,"column":4},"end":{"line":57,"column":null}},{"start":{},"end":{}}]},"6":{"loc":{"start":{"line":64,"column":4},"end":{"line":74,"column":null}},"type":"if","locations":[{"start":{"line":64,"column":4},"end":{"line":74,"column":null}},{"start":{},"end":{}}]},"7":{"loc":{"start":{"line":79,"column":14},"end":{"line":79,"column":27}},"type":"binary-expr","locations":[{"start":{"line":79,"column":14},"end":{"line":79,"column":25}},{"start":{"line":79,"column":25},"end":{"line":79,"column":27}}]},"8":{"loc":{"start":{"line":83,"column":17},"end":{"line":83,"column":null}},"type":"binary-expr","locations":[{"start":{"line":83,"column":17},"end":{"line":83,"column":26}},{"start":{"line":83,"column":26},"end":{"line":83,"column":null}}]},"9":{"loc":{"start":{"line":84,"column":33},"end":{"line":84,"column":47}},"type":"binary-expr","locations":[{"start":{"line":84,"column":33},"end":{"line":84,"column":42}},{"start":{"line":84,"column":42},"end":{"line":84,"column":47}}]},"10":{"loc":{"start":{"line":121,"column":4},"end":{"line":126,"column":null}},"type":"if","locations":[{"start":{"line":121,"column":4},"end":{"line":126,"column":null}},{"start":{},"end":{}}]},"11":{"loc":{"start":{"line":121,"column":8},"end":{"line":121,"column":89}},"type":"binary-expr","locations":[{"start":{"line":121,"column":8},"end":{"line":121,"column":23}},{"start":{"line":121,"column":23},"end":{"line":121,"column":32}},{"start":{"line":121,"column":32},"end":{"line":121,"column":47}},{"start":{"line":121,"column":47},"end":{"line":121,"column":58}},{"start":{"line":121,"column":58},"end":{"line":121,"column":72}},{"start":{"line":121,"column":72},"end":{"line":121,"column":89}}]},"12":{"loc":{"start":{"line":132,"column":4},"end":{"line":137,"column":null}},"type":"if","locations":[{"start":{"line":132,"column":4},"end":{"line":137,"column":null}},{"start":{},"end":{}}]},"13":{"loc":{"start":{"line":139,"column":4},"end":{"line":144,"column":null}},"type":"if","locations":[{"start":{"line":139,"column":4},"end":{"line":144,"column":null}},{"start":{},"end":{}}]},"14":{"loc":{"start":{"line":154,"column":4},"end":{"line":159,"column":null}},"type":"if","locations":[{"start":{"line":154,"column":4},"end":{"line":159,"column":null}},{"start":{},"end":{}}]},"15":{"loc":{"start":{"line":154,"column":8},"end":{"line":154,"column":34}},"type":"binary-expr","locations":[{"start":{"line":154,"column":8},"end":{"line":154,"column":24}},{"start":{"line":154,"column":24},"end":{"line":154,"column":34}}]},"16":{"loc":{"start":{"line":171,"column":15},"end":{"line":171,"column":null}},"type":"cond-expr","locations":[{"start":{"line":171,"column":23},"end":{"line":171,"column":55}},{"start":{"line":171,"column":55},"end":{"line":171,"column":null}}]},"17":{"loc":{"start":{"line":172,"column":18},"end":{"line":172,"column":null}},"type":"binary-expr","locations":[{"start":{"line":172,"column":18},"end":{"line":172,"column":30}},{"start":{"line":172,"column":30},"end":{"line":172,"column":null}}]},"18":{"loc":{"start":{"line":173,"column":22},"end":{"line":173,"column":null}},"type":"binary-expr","locations":[{"start":{"line":173,"column":22},"end":{"line":173,"column":38}},{"start":{"line":173,"column":38},"end":{"line":173,"column":null}}]},"19":{"loc":{"start":{"line":174,"column":20},"end":{"line":174,"column":null}},"type":"binary-expr","locations":[{"start":{"line":174,"column":20},"end":{"line":174,"column":34}},{"start":{"line":174,"column":34},"end":{"line":174,"column":null}}]},"20":{"loc":{"start":{"line":175,"column":18},"end":{"line":175,"column":null}},"type":"binary-expr","locations":[{"start":{"line":175,"column":18},"end":{"line":175,"column":30}},{"start":{"line":175,"column":30},"end":{"line":175,"column":null}}]},"21":{"loc":{"start":{"line":180,"column":4},"end":{"line":185,"column":null}},"type":"if","locations":[{"start":{"line":180,"column":4},"end":{"line":185,"column":null}},{"start":{},"end":{}}]}},"s":{"0":0,"1":0,"2":0,"3":0,"4":0,"5":0,"6":0,"7":0,"8":0,"9":0,"10":0,"11":0,"12":0,"13":0,"14":0,"15":0,"16":0,"17":0,"18":0,"19":0,"20":0,"21":0,"22":0,"23":0,"24":0,"25":0,"26":0,"27":0,"28":0,"29":0,"30":0,"31":0,"32":0,"33":0,"34":0,"35":0,"36":0,"37":0,"38":0,"39":0,"40":0,"41":0,"42":0,"43":0,"44":0,"45":0,"46":0,"47":0,"48":0,"49":0},"f":{"0":0,"1":0},"b":{"0":[0,0],"1":[0,0],"2":[0,0],"3":[0,0],"4":[0,0],"5":[0,0],"6":[0,0],"7":[0,0],"8":[0,0],"9":[0,0],"10":[0,0],"11":[0,0,0,0,0,0],"12":[0,0],"13":[0,0],"14":[0,0],"15":[0,0],"16":[0,0],"17":[0,0],"18":[0,0],"19":[0,0],"20":[0,0],"21":[0,0]}}
,"/home/brunoadsba/sgn/src/app/api/alertas/[id]/route.ts": {"path":"/home/brunoadsba/sgn/src/app/api/alertas/[id]/route.ts","statementMap":{"0":{"start":{"line":157,"column":22},"end":{"line":157,"column":null}},"1":{"start":{"line":6,"column":22},"end":{"line":6,"column":null}},"2":{"start":{"line":68,"column":22},"end":{"line":68,"column":null}},"3":{"start":{"line":4,"column":13},"end":{"line":4,"column":26}},"4":{"start":{"line":1,"column":25},"end":{"line":1,"column":null}},"5":{"start":{"line":2,"column":29},"end":{"line":2,"column":null}},"6":{"start":{"line":4,"column":26},"end":{"line":4,"column":null}},"7":{"start":{"line":10,"column":2},"end":{"line":65,"column":null}},"8":{"start":{"line":11,"column":19},"end":{"line":11,"column":null}},"9":{"start":{"line":13,"column":4},"end":{"line":18,"column":null}},"10":{"start":{"line":14,"column":6},"end":{"line":16,"column":null}},"11":{"start":{"line":20,"column":36},"end":{"line":24,"column":null}},"12":{"start":{"line":26,"column":4},"end":{"line":38,"column":null}},"13":{"start":{"line":27,"column":6},"end":{"line":32,"column":null}},"14":{"start":{"line":28,"column":8},"end":{"line":30,"column":null}},"15":{"start":{"line":34,"column":6},"end":{"line":36,"column":null}},"16":{"start":{"line":40,"column":4},"end":{"line":45,"column":null}},"17":{"start":{"line":41,"column":6},"end":{"line":43,"column":null}},"18":{"start":{"line":47,"column":4},"end":{"line":56,"column":null}},"19":{"start":{"line":60,"column":4},"end":{"line":60,"column":null}},"20":{"start":{"line":61,"column":4},"end":{"line":63,"column":null}},"21":{"start":{"line":72,"column":2},"end":{"line":154,"column":null}},"22":{"start":{"line":73,"column":19},"end":{"line":73,"column":null}},"23":{"start":{"line":74,"column":17},"end":{"line":74,"column":null}},"24":{"start":{"line":76,"column":4},"end":{"line":81,"column":null}},"25":{"start":{"line":77,"column":6},"end":{"line":79,"column":null}},"26":{"start":{"line":84,"column":57},"end":{"line":88,"column":null}},"27":{"start":{"line":90,"column":4},"end":{"line":95,"column":null}},"28":{"start":{"line":91,"column":6},"end":{"line":93,"column":null}},"29":{"start":{"line":98,"column":28},"end":{"line":98,"column":null}},"30":{"start":{"line":101,"column":4},"end":{"line":101,"column":null}},"31":{"start":{"line":101,"column":35},"end":{"line":101,"column":null}},"32":{"start":{"line":102,"column":4},"end":{"line":102,"column":null}},"33":{"start":{"line":102,"column":38},"end":{"line":102,"column":null}},"34":{"start":{"line":103,"column":4},"end":{"line":103,"column":null}},"35":{"start":{"line":103,"column":43},"end":{"line":103,"column":null}},"36":{"start":{"line":104,"column":4},"end":{"line":104,"column":null}},"37":{"start":{"line":104,"column":34},"end":{"line":104,"column":null}},"38":{"start":{"line":105,"column":4},"end":{"line":105,"column":null}},"39":{"start":{"line":105,"column":35},"end":{"line":105,"column":null}},"40":{"start":{"line":106,"column":4},"end":{"line":106,"column":null}},"41":{"start":{"line":106,"column":37},"end":{"line":106,"column":null}},"42":{"start":{"line":109,"column":4},"end":{"line":124,"column":null}},"43":{"start":{"line":110,"column":28},"end":{"line":110,"column":null}},"44":{"start":{"line":111,"column":6},"end":{"line":116,"column":null}},"45":{"start":{"line":112,"column":8},"end":{"line":114,"column":null}},"46":{"start":{"line":119,"column":6},"end":{"line":123,"column":null}},"47":{"start":{"line":120,"column":8},"end":{"line":120,"column":null}},"48":{"start":{"line":121,"column":13},"end":{"line":123,"column":null}},"49":{"start":{"line":122,"column":8},"end":{"line":122,"column":null}},"50":{"start":{"line":127,"column":46},"end":{"line":132,"column":null}},"51":{"start":{"line":134,"column":4},"end":{"line":139,"column":null}},"52":{"start":{"line":135,"column":6},"end":{"line":137,"column":null}},"53":{"start":{"line":141,"column":4},"end":{"line":145,"column":null}},"54":{"start":{"line":149,"column":4},"end":{"line":149,"column":null}},"55":{"start":{"line":150,"column":4},"end":{"line":152,"column":null}},"56":{"start":{"line":161,"column":2},"end":{"line":211,"column":null}},"57":{"start":{"line":162,"column":19},"end":{"line":162,"column":null}},"58":{"start":{"line":164,"column":4},"end":{"line":169,"column":null}},"59":{"start":{"line":165,"column":6},"end":{"line":167,"column":null}},"60":{"start":{"line":172,"column":57},"end":{"line":176,"column":null}},"61":{"start":{"line":178,"column":4},"end":{"line":183,"column":null}},"62":{"start":{"line":179,"column":6},"end":{"line":181,"column":null}},"63":{"start":{"line":186,"column":22},"end":{"line":189,"column":null}},"64":{"start":{"line":191,"column":4},"end":{"line":196,"column":null}},"65":{"start":{"line":192,"column":6},"end":{"line":194,"column":null}},"66":{"start":{"line":198,"column":4},"end":{"line":202,"column":null}},"67":{"start":{"line":206,"column":4},"end":{"line":206,"column":null}},"68":{"start":{"line":207,"column":4},"end":{"line":209,"column":null}}},"fnMap":{"0":{"name":"GET","decl":{"start":{"line":6,"column":22},"end":{"line":6,"column":null}},"loc":{"start":{"line":8,"column":49},"end":{"line":66,"column":null}}},"1":{"name":"PUT","decl":{"start":{"line":68,"column":22},"end":{"line":68,"column":null}},"loc":{"start":{"line":70,"column":49},"end":{"line":155,"column":null}}},"2":{"name":"DELETE","decl":{"start":{"line":157,"column":22},"end":{"line":157,"column":null}},"loc":{"start":{"line":159,"column":49},"end":{"line":212,"column":null}}}},"branchMap":{"0":{"loc":{"start":{"line":13,"column":4},"end":{"line":18,"column":null}},"type":"if","locations":[{"start":{"line":13,"column":4},"end":{"line":18,"column":null}},{"start":{},"end":{}}]},"1":{"loc":{"start":{"line":26,"column":4},"end":{"line":38,"column":null}},"type":"if","locations":[{"start":{"line":26,"column":4},"end":{"line":38,"column":null}},{"start":{},"end":{}}]},"2":{"loc":{"start":{"line":27,"column":6},"end":{"line":32,"column":null}},"type":"if","locations":[{"start":{"line":27,"column":6},"end":{"line":32,"column":null}},{"start":{},"end":{}}]},"3":{"loc":{"start":{"line":40,"column":4},"end":{"line":45,"column":null}},"type":"if","locations":[{"start":{"line":40,"column":4},"end":{"line":45,"column":null}},{"start":{},"end":{}}]},"4":{"loc":{"start":{"line":76,"column":4},"end":{"line":81,"column":null}},"type":"if","locations":[{"start":{"line":76,"column":4},"end":{"line":81,"column":null}},{"start":{},"end":{}}]},"5":{"loc":{"start":{"line":90,"column":4},"end":{"line":95,"column":null}},"type":"if","locations":[{"start":{"line":90,"column":4},"end":{"line":95,"column":null}},{"start":{},"end":{}}]},"6":{"loc":{"start":{"line":90,"column":8},"end":{"line":90,"column":40}},"type":"binary-expr","locations":[{"start":{"line":90,"column":8},"end":{"line":90,"column":22}},{"start":{"line":90,"column":22},"end":{"line":90,"column":40}}]},"7":{"loc":{"start":{"line":101,"column":4},"end":{"line":101,"column":null}},"type":"if","locations":[{"start":{"line":101,"column":4},"end":{"line":101,"column":null}},{"start":{},"end":{}}]},"8":{"loc":{"start":{"line":102,"column":4},"end":{"line":102,"column":null}},"type":"if","locations":[{"start":{"line":102,"column":4},"end":{"line":102,"column":null}},{"start":{},"end":{}}]},"9":{"loc":{"start":{"line":103,"column":4},"end":{"line":103,"column":null}},"type":"if","locations":[{"start":{"line":103,"column":4},"end":{"line":103,"column":null}},{"start":{},"end":{}}]},"10":{"loc":{"start":{"line":104,"column":4},"end":{"line":104,"column":null}},"type":"if","locations":[{"start":{"line":104,"column":4},"end":{"line":104,"column":null}},{"start":{},"end":{}}]},"11":{"loc":{"start":{"line":104,"column":53},"end":{"line":104,"column":null}},"type":"cond-expr","locations":[{"start":{"line":104,"column":66},"end":{"line":104,"column":103}},{"start":{"line":104,"column":103},"end":{"line":104,"column":null}}]},"12":{"loc":{"start":{"line":105,"column":4},"end":{"line":105,"column":null}},"type":"if","locations":[{"start":{"line":105,"column":4},"end":{"line":105,"column":null}},{"start":{},"end":{}}]},"13":{"loc":{"start":{"line":106,"column":4},"end":{"line":106,"column":null}},"type":"if","locations":[{"start":{"line":106,"column":4},"end":{"line":106,"column":null}},{"start":{},"end":{}}]},"14":{"loc":{"start":{"line":109,"column":4},"end":{"line":124,"column":null}},"type":"if","locations":[{"start":{"line":109,"column":4},"end":{"line":124,"column":null}},{"start":{},"end":{}}]},"15":{"loc":{"start":{"line":111,"column":6},"end":{"line":116,"column":null}},"type":"if","locations":[{"start":{"line":111,"column":6},"end":{"line":116,"column":null}},{"start":{},"end":{}}]},"16":{"loc":{"start":{"line":119,"column":6},"end":{"line":123,"column":null}},"type":"if","locations":[{"start":{"line":119,"column":6},"end":{"line":123,"column":null}},{"start":{"line":121,"column":13},"end":{"line":123,"column":null}}]},"17":{"loc":{"start":{"line":121,"column":13},"end":{"line":123,"column":null}},"type":"if","locations":[{"start":{"line":121,"column":13},"end":{"line":123,"column":null}},{"start":{},"end":{}}]},"18":{"loc":{"start":{"line":134,"column":4},"end":{"line":139,"column":null}},"type":"if","locations":[{"start":{"line":134,"column":4},"end":{"line":139,"column":null}},{"start":{},"end":{}}]},"19":{"loc":{"start":{"line":164,"column":4},"end":{"line":169,"column":null}},"type":"if","locations":[{"start":{"line":164,"column":4},"end":{"line":169,"column":null}},{"start":{},"end":{}}]},"20":{"loc":{"start":{"line":178,"column":4},"end":{"line":183,"column":null}},"type":"if","locations":[{"start":{"line":178,"column":4},"end":{"line":183,"column":null}},{"start":{},"end":{}}]},"21":{"loc":{"start":{"line":178,"column":8},"end":{"line":178,"column":40}},"type":"binary-expr","locations":[{"start":{"line":178,"column":8},"end":{"line":178,"column":22}},{"start":{"line":178,"column":22},"end":{"line":178,"column":40}}]},"22":{"loc":{"start":{"line":191,"column":4},"end":{"line":196,"column":null}},"type":"if","locations":[{"start":{"line":191,"column":4},"end":{"line":196,"column":null}},{"start":{},"end":{}}]}},"s":{"0":0,"1":0,"2":0,"3":0,"4":0,"5":0,"6":0,"7":0,"8":0,"9":0,"10":0,"11":0,"12":0,"13":0,"14":0,"15":0,"16":0,"17":0,"18":0,"19":0,"20":0,"21":0,"22":0,"23":0,"24":0,"25":0,"26":0,"27":0,"28":0,"29":0,"30":0,"31":0,"32":0,"33":0,"34":0,"35":0,"36":0,"37":0,"38":0,"39":0,"40":0,"41":0,"42":0,"43":0,"44":0,"45":0,"46":0,"47":0,"48":0,"49":0,"50":0,"51":0,"52":0,"53":0,"54":0,"55":0,"56":0,"57":0,"58":0,"59":0,"60":0,"61":0,"62":0,"63":0,"64":0,"65":0,"66":0,"67":0,"68":0},"f":{"0":0,"1":0,"2":0},"b":{"0":[0,0],"1":[0,0],"2":[0,0],"3":[0,0],"4":[0,0],"5":[0,0],"6":[0,0],"7":[0,0],"8":[0,0],"9":[0,0],"10":[0,0],"11":[0,0],"12":[0,0],"13":[0,0],"14":[0,0],"15":[0,0],"16":[0,0],"17":[0,0],"18":[0,0],"19":[0,0],"20":[0,0],"21":[0,0],"22":[0,0]}}
,"/home/brunoadsba/sgn/src/app/api/cache/route.ts": {"path":"/home/brunoadsba/sgn/src/app/api/cache/route.ts","statementMap":{"0":{"start":{"line":53,"column":22},"end":{"line":53,"column":29}},"1":{"start":{"line":13,"column":22},"end":{"line":13,"column":26}},"2":{"start":{"line":132,"column":22},"end":{"line":132,"column":27}},"3":{"start":{"line":7,"column":7},"end":{"line":7,"column":null}},"4":{"start":{"line":8,"column":59},"end":{"line":8,"column":null}},"5":{"start":{"line":9,"column":36},"end":{"line":9,"column":null}},"6":{"start":{"line":10,"column":79},"end":{"line":10,"column":null}},"7":{"start":{"line":14,"column":24},"end":{"line":14,"column":null}},"8":{"start":{"line":15,"column":21},"end":{"line":15,"column":null}},"9":{"start":{"line":17,"column":2},"end":{"line":49,"column":null}},"10":{"start":{"line":18,"column":4},"end":{"line":21,"column":null}},"11":{"start":{"line":23,"column":18},"end":{"line":23,"column":null}},"12":{"start":{"line":25,"column":4},"end":{"line":25,"column":null}},"13":{"start":{"line":27,"column":28},"end":{"line":30,"column":null}},"14":{"start":{"line":33,"column":4},"end":{"line":33,"column":null}},"15":{"start":{"line":36,"column":4},"end":{"line":40,"column":null}},"16":{"start":{"line":42,"column":26},"end":{"line":45,"column":null}},"17":{"start":{"line":48,"column":4},"end":{"line":48,"column":null}},"18":{"start":{"line":54,"column":24},"end":{"line":54,"column":null}},"19":{"start":{"line":55,"column":21},"end":{"line":55,"column":null}},"20":{"start":{"line":57,"column":2},"end":{"line":128,"column":null}},"21":{"start":{"line":58,"column":16},"end":{"line":58,"column":null}},"22":{"start":{"line":59,"column":19},"end":{"line":59,"column":null}},"23":{"start":{"line":60,"column":16},"end":{"line":60,"column":null}},"24":{"start":{"line":61,"column":20},"end":{"line":61,"column":null}},"25":{"start":{"line":63,"column":4},"end":{"line":69,"column":null}},"26":{"start":{"line":71,"column":22},"end":{"line":71,"column":null}},"27":{"start":{"line":73,"column":4},"end":{"line":97,"column":null}},"28":{"start":{"line":75,"column":8},"end":{"line":75,"column":null}},"29":{"start":{"line":76,"column":8},"end":{"line":76,"column":null}},"30":{"start":{"line":77,"column":8},"end":{"line":77,"column":null}},"31":{"start":{"line":80,"column":8},"end":{"line":82,"column":null}},"32":{"start":{"line":81,"column":10},"end":{"line":81,"column":null}},"33":{"start":{"line":83,"column":8},"end":{"line":83,"column":null}},"34":{"start":{"line":84,"column":8},"end":{"line":84,"column":null}},"35":{"start":{"line":85,"column":8},"end":{"line":85,"column":null}},"36":{"start":{"line":88,"column":8},"end":{"line":90,"column":null}},"37":{"start":{"line":89,"column":10},"end":{"line":89,"column":null}},"38":{"start":{"line":91,"column":8},"end":{"line":91,"column":null}},"39":{"start":{"line":92,"column":8},"end":{"line":92,"column":null}},"40":{"start":{"line":93,"column":8},"end":{"line":93,"column":null}},"41":{"start":{"line":96,"column":8},"end":{"line":96,"column":null}},"42":{"start":{"line":99,"column":4},"end":{"line":104,"column":null}},"43":{"start":{"line":106,"column":28},"end":{"line":109,"column":null}},"44":{"start":{"line":112,"column":4},"end":{"line":112,"column":null}},"45":{"start":{"line":115,"column":4},"end":{"line":119,"column":null}},"46":{"start":{"line":121,"column":26},"end":{"line":124,"column":null}},"47":{"start":{"line":127,"column":4},"end":{"line":127,"column":null}},"48":{"start":{"line":133,"column":24},"end":{"line":133,"column":null}},"49":{"start":{"line":134,"column":21},"end":{"line":134,"column":null}},"50":{"start":{"line":136,"column":2},"end":{"line":196,"column":null}},"51":{"start":{"line":137,"column":17},"end":{"line":137,"column":null}},"52":{"start":{"line":138,"column":28},"end":{"line":138,"column":null}},"53":{"start":{"line":140,"column":4},"end":{"line":142,"column":null}},"54":{"start":{"line":141,"column":6},"end":{"line":141,"column":null}},"55":{"start":{"line":144,"column":4},"end":{"line":149,"column":null}},"56":{"start":{"line":151,"column":22},"end":{"line":151,"column":null}},"57":{"start":{"line":153,"column":4},"end":{"line":166,"column":null}},"58":{"start":{"line":155,"column":8},"end":{"line":155,"column":null}},"59":{"start":{"line":156,"column":8},"end":{"line":156,"column":null}},"60":{"start":{"line":157,"column":8},"end":{"line":157,"column":null}},"61":{"start":{"line":160,"column":8},"end":{"line":160,"column":null}},"62":{"start":{"line":161,"column":8},"end":{"line":161,"column":null}},"63":{"start":{"line":162,"column":8},"end":{"line":162,"column":null}},"64":{"start":{"line":165,"column":8},"end":{"line":165,"column":null}},"65":{"start":{"line":168,"column":4},"end":{"line":172,"column":null}},"66":{"start":{"line":174,"column":28},"end":{"line":177,"column":null}},"67":{"start":{"line":180,"column":4},"end":{"line":180,"column":null}},"68":{"start":{"line":183,"column":4},"end":{"line":187,"column":null}},"69":{"start":{"line":189,"column":26},"end":{"line":192,"column":null}},"70":{"start":{"line":195,"column":4},"end":{"line":195,"column":null}}},"fnMap":{"0":{"name":"GET","decl":{"start":{"line":13,"column":22},"end":{"line":13,"column":26}},"loc":{"start":{"line":13,"column":46},"end":{"line":50,"column":null}}},"1":{"name":"DELETE","decl":{"start":{"line":53,"column":22},"end":{"line":53,"column":29}},"loc":{"start":{"line":53,"column":49},"end":{"line":129,"column":null}}},"2":{"name":"POST","decl":{"start":{"line":132,"column":22},"end":{"line":132,"column":27}},"loc":{"start":{"line":132,"column":47},"end":{"line":197,"column":null}}}},"branchMap":{"0":{"loc":{"start":{"line":39,"column":13},"end":{"line":39,"column":null}},"type":"cond-expr","locations":[{"start":{"line":39,"column":38},"end":{"line":39,"column":51}},{"start":{"line":39,"column":54},"end":{"line":39,"column":null}}]},"1":{"loc":{"start":{"line":45,"column":6},"end":{"line":45,"column":null}},"type":"cond-expr","locations":[{"start":{"line":45,"column":31},"end":{"line":45,"column":44}},{"start":{"line":45,"column":47},"end":{"line":45,"column":null}}]},"2":{"loc":{"start":{"line":73,"column":4},"end":{"line":97,"column":null}},"type":"switch","locations":[{"start":{"line":74,"column":6},"end":{"line":77,"column":null}},{"start":{"line":79,"column":6},"end":{"line":85,"column":null}},{"start":{"line":87,"column":6},"end":{"line":93,"column":null}},{"start":{"line":95,"column":6},"end":{"line":96,"column":null}}]},"3":{"loc":{"start":{"line":80,"column":8},"end":{"line":82,"column":null}},"type":"if","locations":[{"start":{"line":80,"column":8},"end":{"line":82,"column":null}},{"start":{},"end":{}}]},"4":{"loc":{"start":{"line":88,"column":8},"end":{"line":90,"column":null}},"type":"if","locations":[{"start":{"line":88,"column":8},"end":{"line":90,"column":null}},{"start":{},"end":{}}]},"5":{"loc":{"start":{"line":118,"column":13},"end":{"line":118,"column":null}},"type":"cond-expr","locations":[{"start":{"line":118,"column":38},"end":{"line":118,"column":51}},{"start":{"line":118,"column":54},"end":{"line":118,"column":null}}]},"6":{"loc":{"start":{"line":124,"column":6},"end":{"line":124,"column":null}},"type":"cond-expr","locations":[{"start":{"line":124,"column":31},"end":{"line":124,"column":44}},{"start":{"line":124,"column":47},"end":{"line":124,"column":null}}]},"7":{"loc":{"start":{"line":140,"column":4},"end":{"line":142,"column":null}},"type":"if","locations":[{"start":{"line":140,"column":4},"end":{"line":142,"column":null}},{"start":{},"end":{}}]},"8":{"loc":{"start":{"line":140,"column":8},"end":{"line":140,"column":25}},"type":"binary-expr","locations":[{"start":{"line":140,"column":8},"end":{"line":140,"column":17}},{"start":{"line":140,"column":17},"end":{"line":140,"column":25}}]},"9":{"loc":{"start":{"line":153,"column":4},"end":{"line":166,"column":null}},"type":"switch","locations":[{"start":{"line":154,"column":6},"end":{"line":157,"column":null}},{"start":{"line":159,"column":6},"end":{"line":162,"column":null}},{"start":{"line":164,"column":6},"end":{"line":165,"column":null}}]},"10":{"loc":{"start":{"line":186,"column":13},"end":{"line":186,"column":null}},"type":"cond-expr","locations":[{"start":{"line":186,"column":38},"end":{"line":186,"column":51}},{"start":{"line":186,"column":54},"end":{"line":186,"column":null}}]},"11":{"loc":{"start":{"line":192,"column":6},"end":{"line":192,"column":null}},"type":"cond-expr","locations":[{"start":{"line":192,"column":31},"end":{"line":192,"column":44}},{"start":{"line":192,"column":47},"end":{"line":192,"column":null}}]}},"s":{"0":0,"1":0,"2":0,"3":0,"4":0,"5":0,"6":0,"7":0,"8":0,"9":0,"10":0,"11":0,"12":0,"13":0,"14":0,"15":0,"16":0,"17":0,"18":0,"19":0,"20":0,"21":0,"22":0,"23":0,"24":0,"25":0,"26":0,"27":0,"28":0,"29":0,"30":0,"31":0,"32":0,"33":0,"34":0,"35":0,"36":0,"37":0,"38":0,"39":0,"40":0,"41":0,"42":0,"43":0,"44":0,"45":0,"46":0,"47":0,"48":0,"49":0,"50":0,"51":0,"52":0,"53":0,"54":0,"55":0,"56":0,"57":0,"58":0,"59":0,"60":0,"61":0,"62":0,"63":0,"64":0,"65":0,"66":0,"67":0,"68":0,"69":0,"70":0},"f":{"0":0,"1":0,"2":0},"b":{"0":[0,0],"1":[0,0],"2":[0,0,0,0],"3":[0,0],"4":[0,0],"5":[0,0],"6":[0,0],"7":[0,0],"8":[0,0],"9":[0,0,0],"10":[0,0],"11":[0,0]}}
,"/home/brunoadsba/sgn/src/app/api/conformidade/analisar/route.ts": {"path":"/home/brunoadsba/sgn/src/app/api/conformidade/analisar/route.ts","statementMap":{"0":{"start":{"line":112,"column":22},"end":{"line":112,"column":26}},"1":{"start":{"line":5,"column":22},"end":{"line":5,"column":27}},"2":{"start":{"line":3,"column":13},"end":{"line":3,"column":26}},"3":{"start":{"line":1,"column":25},"end":{"line":1,"column":null}},"4":{"start":{"line":3,"column":26},"end":{"line":3,"column":29}},"5":{"start":{"line":6,"column":2},"end":{"line":108,"column":null}},"6":{"start":{"line":7,"column":17},"end":{"line":7,"column":null}},"7":{"start":{"line":8,"column":93},"end":{"line":8,"column":null}},"8":{"start":{"line":10,"column":4},"end":{"line":15,"column":null}},"9":{"start":{"line":11,"column":6},"end":{"line":13,"column":null}},"10":{"start":{"line":17,"column":51},"end":{"line":22,"column":null}},"11":{"start":{"line":24,"column":4},"end":{"line":29,"column":null}},"12":{"start":{"line":25,"column":6},"end":{"line":27,"column":null}},"13":{"start":{"line":31,"column":55},"end":{"line":36,"column":null}},"14":{"start":{"line":38,"column":4},"end":{"line":43,"column":null}},"15":{"start":{"line":39,"column":6},"end":{"line":41,"column":null}},"16":{"start":{"line":45,"column":49},"end":{"line":48,"column":null}},"17":{"start":{"line":50,"column":4},"end":{"line":55,"column":null}},"18":{"start":{"line":51,"column":6},"end":{"line":53,"column":null}},"19":{"start":{"line":57,"column":43},"end":{"line":76,"column":null}},"20":{"start":{"line":69,"column":42},"end":{"line":69,"column":50}},"21":{"start":{"line":78,"column":4},"end":{"line":83,"column":null}},"22":{"start":{"line":79,"column":6},"end":{"line":81,"column":null}},"23":{"start":{"line":85,"column":4},"end":{"line":99,"column":null}},"24":{"start":{"line":103,"column":4},"end":{"line":103,"column":null}},"25":{"start":{"line":104,"column":4},"end":{"line":106,"column":null}},"26":{"start":{"line":113,"column":2},"end":{"line":161,"column":null}},"27":{"start":{"line":114,"column":29},"end":{"line":114,"column":null}},"28":{"start":{"line":115,"column":23},"end":{"line":115,"column":null}},"29":{"start":{"line":116,"column":19},"end":{"line":116,"column":null}},"30":{"start":{"line":117,"column":18},"end":{"line":117,"column":null}},"31":{"start":{"line":119,"column":4},"end":{"line":124,"column":null}},"32":{"start":{"line":120,"column":6},"end":{"line":122,"column":null}},"33":{"start":{"line":126,"column":16},"end":{"line":135,"column":null}},"34":{"start":{"line":137,"column":4},"end":{"line":139,"column":null}},"35":{"start":{"line":138,"column":6},"end":{"line":138,"column":null}},"36":{"start":{"line":141,"column":34},"end":{"line":141,"column":null}},"37":{"start":{"line":143,"column":4},"end":{"line":148,"column":null}},"38":{"start":{"line":144,"column":6},"end":{"line":146,"column":null}},"39":{"start":{"line":150,"column":4},"end":{"line":152,"column":null}},"40":{"start":{"line":156,"column":4},"end":{"line":156,"column":null}},"41":{"start":{"line":157,"column":4},"end":{"line":159,"column":null}}},"fnMap":{"0":{"name":"POST","decl":{"start":{"line":5,"column":22},"end":{"line":5,"column":27}},"loc":{"start":{"line":5,"column":43},"end":{"line":109,"column":null}}},"1":{"name":"(anonymous_5)","decl":{"start":{"line":69,"column":37},"end":{"line":69,"column":42}},"loc":{"start":{"line":69,"column":42},"end":{"line":69,"column":50}}},"2":{"name":"GET","decl":{"start":{"line":112,"column":22},"end":{"line":112,"column":26}},"loc":{"start":{"line":112,"column":42},"end":{"line":162,"column":null}}}},"branchMap":{"0":{"loc":{"start":{"line":8,"column":49},"end":{"line":8,"column":61}},"type":"default-arg","locations":[{"start":{"line":8,"column":60},"end":{"line":8,"column":61}}]},"1":{"loc":{"start":{"line":8,"column":63},"end":{"line":8,"column":88}},"type":"default-arg","locations":[{"start":{"line":8,"column":78},"end":{"line":8,"column":88}}]},"2":{"loc":{"start":{"line":10,"column":4},"end":{"line":15,"column":null}},"type":"if","locations":[{"start":{"line":10,"column":4},"end":{"line":15,"column":null}},{"start":{},"end":{}}]},"3":{"loc":{"start":{"line":10,"column":8},"end":{"line":10,"column":93}},"type":"binary-expr","locations":[{"start":{"line":10,"column":8},"end":{"line":10,"column":23}},{"start":{"line":10,"column":23},"end":{"line":10,"column":40}},{"start":{"line":10,"column":40},"end":{"line":10,"column":69}},{"start":{"line":10,"column":69},"end":{"line":10,"column":93}}]},"4":{"loc":{"start":{"line":24,"column":4},"end":{"line":29,"column":null}},"type":"if","locations":[{"start":{"line":24,"column":4},"end":{"line":29,"column":null}},{"start":{},"end":{}}]},"5":{"loc":{"start":{"line":24,"column":8},"end":{"line":24,"column":34}},"type":"binary-expr","locations":[{"start":{"line":24,"column":8},"end":{"line":24,"column":24}},{"start":{"line":24,"column":24},"end":{"line":24,"column":34}}]},"6":{"loc":{"start":{"line":38,"column":4},"end":{"line":43,"column":null}},"type":"if","locations":[{"start":{"line":38,"column":4},"end":{"line":43,"column":null}},{"start":{},"end":{}}]},"7":{"loc":{"start":{"line":38,"column":8},"end":{"line":38,"column":38}},"type":"binary-expr","locations":[{"start":{"line":38,"column":8},"end":{"line":38,"column":26}},{"start":{"line":38,"column":26},"end":{"line":38,"column":38}}]},"8":{"loc":{"start":{"line":50,"column":4},"end":{"line":55,"column":null}},"type":"if","locations":[{"start":{"line":50,"column":4},"end":{"line":55,"column":null}},{"start":{},"end":{}}]},"9":{"loc":{"start":{"line":50,"column":8},"end":{"line":50,"column":68}},"type":"binary-expr","locations":[{"start":{"line":50,"column":8},"end":{"line":50,"column":23}},{"start":{"line":50,"column":23},"end":{"line":50,"column":34}},{"start":{"line":50,"column":34},"end":{"line":50,"column":68}}]},"10":{"loc":{"start":{"line":78,"column":4},"end":{"line":83,"column":null}},"type":"if","locations":[{"start":{"line":78,"column":4},"end":{"line":83,"column":null}},{"start":{},"end":{}}]},"11":{"loc":{"start":{"line":117,"column":36},"end":{"line":117,"column":72}},"type":"binary-expr","locations":[{"start":{"line":117,"column":36},"end":{"line":117,"column":65}},{"start":{"line":117,"column":65},"end":{"line":117,"column":72}}]},"12":{"loc":{"start":{"line":119,"column":4},"end":{"line":124,"column":null}},"type":"if","locations":[{"start":{"line":119,"column":4},"end":{"line":124,"column":null}},{"start":{},"end":{}}]},"13":{"loc":{"start":{"line":137,"column":4},"end":{"line":139,"column":null}},"type":"if","locations":[{"start":{"line":137,"column":4},"end":{"line":139,"column":null}},{"start":{},"end":{}}]},"14":{"loc":{"start":{"line":143,"column":4},"end":{"line":148,"column":null}},"type":"if","locations":[{"start":{"line":143,"column":4},"end":{"line":148,"column":null}},{"start":{},"end":{}}]},"15":{"loc":{"start":{"line":151,"column":29},"end":{"line":151,"column":39}},"type":"binary-expr","locations":[{"start":{"line":151,"column":29},"end":{"line":151,"column":37}},{"start":{"line":151,"column":37},"end":{"line":151,"column":39}}]},"16":{"loc":{"start":{"line":151,"column":48},"end":{"line":151,"column":66}},"type":"binary-expr","locations":[{"start":{"line":151,"column":48},"end":{"line":151,"column":64}},{"start":{"line":151,"column":64},"end":{"line":151,"column":66}}]}},"s":{"0":0,"1":0,"2":0,"3":0,"4":0,"5":0,"6":0,"7":0,"8":0,"9":0,"10":0,"11":0,"12":0,"13":0,"14":0,"15":0,"16":0,"17":0,"18":0,"19":0,"20":0,"21":0,"22":0,"23":0,"24":0,"25":0,"26":0,"27":0,"28":0,"29":0,"30":0,"31":0,"32":0,"33":0,"34":0,"35":0,"36":0,"37":0,"38":0,"39":0,"40":0,"41":0},"f":{"0":0,"1":0,"2":0},"b":{"0":[0],"1":[0],"2":[0,0],"3":[0,0,0,0],"4":[0,0],"5":[0,0],"6":[0,0],"7":[0,0],"8":[0,0],"9":[0,0,0],"10":[0,0],"11":[0,0],"12":[0,0],"13":[0,0],"14":[0,0],"15":[0,0],"16":[0,0]}}
,"/home/brunoadsba/sgn/src/app/api/conformidade/dashboard/[empresaId]/route.ts": {"path":"/home/brunoadsba/sgn/src/app/api/conformidade/dashboard/[empresaId]/route.ts","statementMap":{"0":{"start":{"line":44,"column":22},"end":{"line":44,"column":null}},"1":{"start":{"line":3,"column":13},"end":{"line":3,"column":26}},"2":{"start":{"line":1,"column":25},"end":{"line":1,"column":null}},"3":{"start":{"line":3,"column":26},"end":{"line":3,"column":30}},"4":{"start":{"line":48,"column":20},"end":{"line":48,"column":null}},"5":{"start":{"line":50,"column":2},"end":{"line":358,"column":null}},"6":{"start":{"line":51,"column":26},"end":{"line":51,"column":null}},"7":{"start":{"line":52,"column":29},"end":{"line":52,"column":null}},"8":{"start":{"line":53,"column":20},"end":{"line":53,"column":57}},"9":{"start":{"line":54,"column":28},"end":{"line":54,"column":null}},"10":{"start":{"line":56,"column":4},"end":{"line":61,"column":null}},"11":{"start":{"line":57,"column":6},"end":{"line":60,"column":null}},"12":{"start":{"line":64,"column":51},"end":{"line":69,"column":null}},"13":{"start":{"line":71,"column":4},"end":{"line":76,"column":null}},"14":{"start":{"line":72,"column":6},"end":{"line":75,"column":null}},"15":{"start":{"line":79,"column":23},"end":{"line":79,"column":null}},"16":{"start":{"line":80,"column":4},"end":{"line":80,"column":null}},"17":{"start":{"line":81,"column":26},"end":{"line":81,"column":null}},"18":{"start":{"line":84,"column":45},"end":{"line":89,"column":null}},"19":{"start":{"line":91,"column":4},"end":{"line":96,"column":null}},"20":{"start":{"line":92,"column":6},"end":{"line":95,"column":null}},"21":{"start":{"line":99,"column":57},"end":{"line":104,"column":null}},"22":{"start":{"line":106,"column":4},"end":{"line":111,"column":null}},"23":{"start":{"line":107,"column":6},"end":{"line":110,"column":null}},"24":{"start":{"line":114,"column":25},"end":{"line":114,"column":27}},"25":{"start":{"line":116,"column":4},"end":{"line":159,"column":null}},"26":{"start":{"line":117,"column":56},"end":{"line":130,"column":null}},"27":{"start":{"line":132,"column":6},"end":{"line":137,"column":null}},"28":{"start":{"line":133,"column":8},"end":{"line":133,"column":null}},"29":{"start":{"line":134,"column":8},"end":{"line":134,"column":null}},"30":{"start":{"line":136,"column":8},"end":{"line":136,"column":null}},"31":{"start":{"line":140,"column":6},"end":{"line":154,"column":null}},"32":{"start":{"line":141,"column":25},"end":{"line":141,"column":null}},"33":{"start":{"line":141,"column":51},"end":{"line":141,"column":61}},"34":{"start":{"line":141,"column":90},"end":{"line":141,"column":103}},"35":{"start":{"line":142,"column":8},"end":{"line":153,"column":null}},"36":{"start":{"line":143,"column":39},"end":{"line":146,"column":null}},"37":{"start":{"line":148,"column":26},"end":{"line":148,"column":42}},"38":{"start":{"line":149,"column":10},"end":{"line":152,"column":null}},"39":{"start":{"line":149,"column":34},"end":{"line":152,"column":null}},"40":{"start":{"line":151,"column":51},"end":{"line":151,"column":72}},"41":{"start":{"line":157,"column":6},"end":{"line":157,"column":null}},"42":{"start":{"line":158,"column":6},"end":{"line":158,"column":null}},"43":{"start":{"line":162,"column":57},"end":{"line":166,"column":null}},"44":{"start":{"line":168,"column":4},"end":{"line":173,"column":null}},"45":{"start":{"line":169,"column":6},"end":{"line":172,"column":null}},"46":{"start":{"line":177,"column":22},"end":{"line":177,"column":32}},"47":{"start":{"line":178,"column":28},"end":{"line":178,"column":44}},"48":{"start":{"line":179,"column":28},"end":{"line":179,"column":44}},"49":{"start":{"line":182,"column":22},"end":{"line":182,"column":37}},"50":{"start":{"line":183,"column":26},"end":{"line":183,"column":77}},"51":{"start":{"line":183,"column":47},"end":{"line":183,"column":71}},"52":{"start":{"line":184,"column":28},"end":{"line":184,"column":79}},"53":{"start":{"line":184,"column":49},"end":{"line":184,"column":73}},"54":{"start":{"line":185,"column":26},"end":{"line":185,"column":79}},"55":{"start":{"line":185,"column":47},"end":{"line":185,"column":73}},"56":{"start":{"line":186,"column":25},"end":{"line":186,"column":75}},"57":{"start":{"line":186,"column":46},"end":{"line":186,"column":69}},"58":{"start":{"line":187,"column":27},"end":{"line":187,"column":80}},"59":{"start":{"line":187,"column":48},"end":{"line":187,"column":74}},"60":{"start":{"line":189,"column":24},"end":{"line":189,"column":null}},"61":{"start":{"line":191,"column":25},"end":{"line":191,"column":null}},"62":{"start":{"line":191,"column":46},"end":{"line":191,"column":76}},"63":{"start":{"line":192,"column":23},"end":{"line":198,"column":null}},"64":{"start":{"line":194,"column":25},"end":{"line":194,"column":null}},"65":{"start":{"line":195,"column":22},"end":{"line":195,"column":null}},"66":{"start":{"line":196,"column":10},"end":{"line":196,"column":null}},"67":{"start":{"line":201,"column":26},"end":{"line":201,"column":47}},"68":{"start":{"line":202,"column":23},"end":{"line":204,"column":null}},"69":{"start":{"line":203,"column":53},"end":{"line":203,"column":81}},"70":{"start":{"line":206,"column":22},"end":{"line":206,"column":86}},"71":{"start":{"line":206,"column":49},"end":{"line":206,"column":80}},"72":{"start":{"line":207,"column":25},"end":{"line":207,"column":93}},"73":{"start":{"line":207,"column":52},"end":{"line":207,"column":87}},"74":{"start":{"line":208,"column":29},"end":{"line":208,"column":101}},"75":{"start":{"line":208,"column":56},"end":{"line":208,"column":95}},"76":{"start":{"line":210,"column":23},"end":{"line":210,"column":83}},"77":{"start":{"line":210,"column":50},"end":{"line":210,"column":77}},"78":{"start":{"line":211,"column":23},"end":{"line":211,"column":83}},"79":{"start":{"line":211,"column":50},"end":{"line":211,"column":77}},"80":{"start":{"line":212,"column":22},"end":{"line":212,"column":81}},"81":{"start":{"line":212,"column":49},"end":{"line":212,"column":75}},"82":{"start":{"line":213,"column":25},"end":{"line":213,"column":87}},"83":{"start":{"line":213,"column":52},"end":{"line":213,"column":81}},"84":{"start":{"line":216,"column":20},"end":{"line":216,"column":31}},"85":{"start":{"line":217,"column":25},"end":{"line":217,"column":61}},"86":{"start":{"line":217,"column":42},"end":{"line":217,"column":53}},"87":{"start":{"line":218,"column":24},"end":{"line":218,"column":null}},"88":{"start":{"line":220,"column":23},"end":{"line":220,"column":74}},"89":{"start":{"line":220,"column":40},"end":{"line":220,"column":68}},"90":{"start":{"line":221,"column":20},"end":{"line":221,"column":68}},"91":{"start":{"line":221,"column":37},"end":{"line":221,"column":62}},"92":{"start":{"line":222,"column":21},"end":{"line":222,"column":70}},"93":{"start":{"line":222,"column":38},"end":{"line":222,"column":64}},"94":{"start":{"line":223,"column":21},"end":{"line":223,"column":70}},"95":{"start":{"line":223,"column":38},"end":{"line":223,"column":64}},"96":{"start":{"line":226,"column":34},"end":{"line":229,"column":null}},"97":{"start":{"line":231,"column":4},"end":{"line":240,"column":null}},"98":{"start":{"line":232,"column":6},"end":{"line":232,"column":null}},"99":{"start":{"line":233,"column":6},"end":{"line":233,"column":null}},"100":{"start":{"line":233,"column":47},"end":{"line":233,"column":73}},"101":{"start":{"line":234,"column":6},"end":{"line":234,"column":null}},"102":{"start":{"line":234,"column":46},"end":{"line":234,"column":68}},"103":{"start":{"line":236,"column":6},"end":{"line":236,"column":null}},"104":{"start":{"line":236,"column":45},"end":{"line":236,"column":73}},"105":{"start":{"line":237,"column":6},"end":{"line":237,"column":null}},"106":{"start":{"line":237,"column":42},"end":{"line":237,"column":67}},"107":{"start":{"line":238,"column":6},"end":{"line":238,"column":null}},"108":{"start":{"line":238,"column":43},"end":{"line":238,"column":69}},"109":{"start":{"line":239,"column":6},"end":{"line":239,"column":null}},"110":{"start":{"line":239,"column":43},"end":{"line":239,"column":69}},"111":{"start":{"line":242,"column":53},"end":{"line":246,"column":null}},"112":{"start":{"line":243,"column":24},"end":{"line":243,"column":null}},"113":{"start":{"line":244,"column":6},"end":{"line":244,"column":null}},"114":{"start":{"line":245,"column":6},"end":{"line":245,"column":null}},"115":{"start":{"line":248,"column":30},"end":{"line":248,"column":null}},"116":{"start":{"line":249,"column":27},"end":{"line":253,"column":null}},"117":{"start":{"line":249,"column":55},"end":{"line":253,"column":null}},"118":{"start":{"line":255,"column":54},"end":{"line":258,"column":null}},"119":{"start":{"line":256,"column":6},"end":{"line":256,"column":null}},"120":{"start":{"line":257,"column":6},"end":{"line":257,"column":null}},"121":{"start":{"line":261,"column":22},"end":{"line":323,"column":null}},"122":{"start":{"line":271,"column":50},"end":{"line":271,"column":92}},"123":{"start":{"line":325,"column":20},"end":{"line":340,"column":null}},"124":{"start":{"line":334,"column":58},"end":{"line":334,"column":100}},"125":{"start":{"line":342,"column":25},"end":{"line":342,"column":null}},"126":{"start":{"line":343,"column":4},"end":{"line":343,"column":null}},"127":{"start":{"line":345,"column":4},"end":{"line":350,"column":null}},"128":{"start":{"line":353,"column":4},"end":{"line":353,"column":null}},"129":{"start":{"line":354,"column":4},"end":{"line":357,"column":null}},"130":{"start":{"line":363,"column":17},"end":{"line":363,"column":null}},"131":{"start":{"line":364,"column":21},"end":{"line":364,"column":null}},"132":{"start":{"line":364,"column":61},"end":{"line":364,"column":null}},"133":{"start":{"line":365,"column":2},"end":{"line":365,"column":null}},"134":{"start":{"line":369,"column":2},"end":{"line":369,"column":null}},"135":{"start":{"line":369,"column":22},"end":{"line":369,"column":null}},"136":{"start":{"line":371,"column":16},"end":{"line":371,"column":null}},"137":{"start":{"line":372,"column":18},"end":{"line":372,"column":null}},"138":{"start":{"line":373,"column":15},"end":{"line":373,"column":null}},"139":{"start":{"line":375,"column":2},"end":{"line":381,"column":null}},"140":{"start":{"line":376,"column":4},"end":{"line":376,"column":null}},"141":{"start":{"line":377,"column":9},"end":{"line":381,"column":null}},"142":{"start":{"line":378,"column":4},"end":{"line":378,"column":null}},"143":{"start":{"line":380,"column":4},"end":{"line":380,"column":null}}},"fnMap":{"0":{"name":"GET","decl":{"start":{"line":44,"column":22},"end":{"line":44,"column":null}},"loc":{"start":{"line":46,"column":56},"end":{"line":359,"column":null}}},"1":{"name":"(anonymous_4)","decl":{"start":{"line":141,"column":46},"end":{"line":141,"column":51}},"loc":{"start":{"line":141,"column":51},"end":{"line":141,"column":61}}},"2":{"name":"(anonymous_5)","decl":{"start":{"line":141,"column":70},"end":{"line":141,"column":71}},"loc":{"start":{"line":141,"column":90},"end":{"line":141,"column":103}}},"3":{"name":"(anonymous_6)","decl":{"start":{"line":149,"column":26},"end":{"line":149,"column":34}},"loc":{"start":{"line":149,"column":34},"end":{"line":152,"column":null}}},"4":{"name":"(anonymous_7)","decl":{"start":{"line":151,"column":46},"end":{"line":151,"column":51}},"loc":{"start":{"line":151,"column":51},"end":{"line":151,"column":72}}},"5":{"name":"(anonymous_8)","decl":{"start":{"line":183,"column":42},"end":{"line":183,"column":47}},"loc":{"start":{"line":183,"column":47},"end":{"line":183,"column":71}}},"6":{"name":"(anonymous_9)","decl":{"start":{"line":184,"column":44},"end":{"line":184,"column":49}},"loc":{"start":{"line":184,"column":49},"end":{"line":184,"column":73}}},"7":{"name":"(anonymous_10)","decl":{"start":{"line":185,"column":42},"end":{"line":185,"column":47}},"loc":{"start":{"line":185,"column":47},"end":{"line":185,"column":73}}},"8":{"name":"(anonymous_11)","decl":{"start":{"line":186,"column":41},"end":{"line":186,"column":46}},"loc":{"start":{"line":186,"column":46},"end":{"line":186,"column":69}}},"9":{"name":"(anonymous_12)","decl":{"start":{"line":187,"column":43},"end":{"line":187,"column":48}},"loc":{"start":{"line":187,"column":48},"end":{"line":187,"column":74}}},"10":{"name":"(anonymous_13)","decl":{"start":{"line":191,"column":41},"end":{"line":191,"column":46}},"loc":{"start":{"line":191,"column":46},"end":{"line":191,"column":76}}},"11":{"name":"(anonymous_14)","decl":{"start":{"line":193,"column":39},"end":{"line":193,"column":40}},"loc":{"start":{"line":193,"column":45},"end":{"line":197,"column":11}}},"12":{"name":"(anonymous_15)","decl":{"start":{"line":203,"column":41},"end":{"line":203,"column":42}},"loc":{"start":{"line":203,"column":53},"end":{"line":203,"column":81}}},"13":{"name":"(anonymous_16)","decl":{"start":{"line":206,"column":44},"end":{"line":206,"column":49}},"loc":{"start":{"line":206,"column":49},"end":{"line":206,"column":80}}},"14":{"name":"(anonymous_17)","decl":{"start":{"line":207,"column":47},"end":{"line":207,"column":52}},"loc":{"start":{"line":207,"column":52},"end":{"line":207,"column":87}}},"15":{"name":"(anonymous_18)","decl":{"start":{"line":208,"column":51},"end":{"line":208,"column":56}},"loc":{"start":{"line":208,"column":56},"end":{"line":208,"column":95}}},"16":{"name":"(anonymous_19)","decl":{"start":{"line":210,"column":45},"end":{"line":210,"column":50}},"loc":{"start":{"line":210,"column":50},"end":{"line":210,"column":77}}},"17":{"name":"(anonymous_20)","decl":{"start":{"line":211,"column":45},"end":{"line":211,"column":50}},"loc":{"start":{"line":211,"column":50},"end":{"line":211,"column":77}}},"18":{"name":"(anonymous_21)","decl":{"start":{"line":212,"column":44},"end":{"line":212,"column":49}},"loc":{"start":{"line":212,"column":49},"end":{"line":212,"column":75}}},"19":{"name":"(anonymous_22)","decl":{"start":{"line":213,"column":47},"end":{"line":213,"column":52}},"loc":{"start":{"line":213,"column":52},"end":{"line":213,"column":81}}},"20":{"name":"(anonymous_23)","decl":{"start":{"line":217,"column":37},"end":{"line":217,"column":42}},"loc":{"start":{"line":217,"column":42},"end":{"line":217,"column":53}}},"21":{"name":"(anonymous_24)","decl":{"start":{"line":220,"column":35},"end":{"line":220,"column":40}},"loc":{"start":{"line":220,"column":40},"end":{"line":220,"column":68}}},"22":{"name":"(anonymous_25)","decl":{"start":{"line":221,"column":32},"end":{"line":221,"column":37}},"loc":{"start":{"line":221,"column":37},"end":{"line":221,"column":62}}},"23":{"name":"(anonymous_26)","decl":{"start":{"line":222,"column":33},"end":{"line":222,"column":38}},"loc":{"start":{"line":222,"column":38},"end":{"line":222,"column":64}}},"24":{"name":"(anonymous_27)","decl":{"start":{"line":223,"column":33},"end":{"line":223,"column":38}},"loc":{"start":{"line":223,"column":38},"end":{"line":223,"column":64}}},"25":{"name":"(anonymous_28)","decl":{"start":{"line":233,"column":42},"end":{"line":233,"column":47}},"loc":{"start":{"line":233,"column":47},"end":{"line":233,"column":73}}},"26":{"name":"(anonymous_29)","decl":{"start":{"line":234,"column":41},"end":{"line":234,"column":46}},"loc":{"start":{"line":234,"column":46},"end":{"line":234,"column":68}}},"27":{"name":"(anonymous_30)","decl":{"start":{"line":236,"column":40},"end":{"line":236,"column":45}},"loc":{"start":{"line":236,"column":45},"end":{"line":236,"column":73}}},"28":{"name":"(anonymous_31)","decl":{"start":{"line":237,"column":37},"end":{"line":237,"column":42}},"loc":{"start":{"line":237,"column":42},"end":{"line":237,"column":67}}},"29":{"name":"(anonymous_32)","decl":{"start":{"line":238,"column":38},"end":{"line":238,"column":43}},"loc":{"start":{"line":238,"column":43},"end":{"line":238,"column":69}}},"30":{"name":"(anonymous_33)","decl":{"start":{"line":239,"column":38},"end":{"line":239,"column":43}},"loc":{"start":{"line":239,"column":43},"end":{"line":239,"column":69}}},"31":{"name":"(anonymous_34)","decl":{"start":{"line":242,"column":65},"end":{"line":242,"column":66}},"loc":{"start":{"line":242,"column":71},"end":{"line":246,"column":7}}},"32":{"name":"(anonymous_35)","decl":{"start":{"line":249,"column":49},"end":{"line":249,"column":55}},"loc":{"start":{"line":249,"column":55},"end":{"line":253,"column":null}}},"33":{"name":"(anonymous_36)","decl":{"start":{"line":255,"column":76},"end":{"line":255,"column":77}},"loc":{"start":{"line":255,"column":82},"end":{"line":258,"column":7}}},"34":{"name":"(anonymous_37)","decl":{"start":{"line":271,"column":45},"end":{"line":271,"column":50}},"loc":{"start":{"line":271,"column":50},"end":{"line":271,"column":92}}},"35":{"name":"(anonymous_38)","decl":{"start":{"line":334,"column":53},"end":{"line":334,"column":58}},"loc":{"start":{"line":334,"column":58},"end":{"line":334,"column":100}}},"36":{"name":"getRiscoPredominante","decl":{"start":{"line":362,"column":9},"end":{"line":362,"column":30}},"loc":{"start":{"line":362,"column":89},"end":{"line":366,"column":null}}},"37":{"name":"(anonymous_40)","decl":{"start":{"line":364,"column":51},"end":{"line":364,"column":52}},"loc":{"start":{"line":364,"column":61},"end":{"line":364,"column":null}}},"38":{"name":"formatarTempo","decl":{"start":{"line":368,"column":9},"end":{"line":368,"column":23}},"loc":{"start":{"line":368,"column":39},"end":{"line":382,"column":null}}}},"branchMap":{"0":{"loc":{"start":{"line":53,"column":20},"end":{"line":53,"column":57}},"type":"binary-expr","locations":[{"start":{"line":53,"column":20},"end":{"line":53,"column":51}},{"start":{"line":53,"column":51},"end":{"line":53,"column":57}}]},"1":{"loc":{"start":{"line":56,"column":4},"end":{"line":61,"column":null}},"type":"if","locations":[{"start":{"line":56,"column":4},"end":{"line":61,"column":null}},{"start":{},"end":{}}]},"2":{"loc":{"start":{"line":71,"column":4},"end":{"line":76,"column":null}},"type":"if","locations":[{"start":{"line":71,"column":4},"end":{"line":76,"column":null}},{"start":{},"end":{}}]},"3":{"loc":{"start":{"line":71,"column":8},"end":{"line":71,"column":34}},"type":"binary-expr","locations":[{"start":{"line":71,"column":8},"end":{"line":71,"column":24}},{"start":{"line":71,"column":24},"end":{"line":71,"column":34}}]},"4":{"loc":{"start":{"line":91,"column":4},"end":{"line":96,"column":null}},"type":"if","locations":[{"start":{"line":91,"column":4},"end":{"line":96,"column":null}},{"start":{},"end":{}}]},"5":{"loc":{"start":{"line":106,"column":4},"end":{"line":111,"column":null}},"type":"if","locations":[{"start":{"line":106,"column":4},"end":{"line":111,"column":null}},{"start":{},"end":{}}]},"6":{"loc":{"start":{"line":132,"column":6},"end":{"line":137,"column":null}},"type":"if","locations":[{"start":{"line":132,"column":6},"end":{"line":137,"column":null}},{"start":{"line":135,"column":13},"end":{"line":137,"column":null}}]},"7":{"loc":{"start":{"line":136,"column":16},"end":{"line":136,"column":30}},"type":"binary-expr","locations":[{"start":{"line":136,"column":16},"end":{"line":136,"column":28}},{"start":{"line":136,"column":28},"end":{"line":136,"column":30}}]},"8":{"loc":{"start":{"line":140,"column":6},"end":{"line":154,"column":null}},"type":"if","locations":[{"start":{"line":140,"column":6},"end":{"line":154,"column":null}},{"start":{},"end":{}}]},"9":{"loc":{"start":{"line":142,"column":8},"end":{"line":153,"column":null}},"type":"if","locations":[{"start":{"line":142,"column":8},"end":{"line":153,"column":null}},{"start":{},"end":{}}]},"10":{"loc":{"start":{"line":148,"column":26},"end":{"line":148,"column":42}},"type":"binary-expr","locations":[{"start":{"line":148,"column":26},"end":{"line":148,"column":40}},{"start":{"line":148,"column":40},"end":{"line":148,"column":42}}]},"11":{"loc":{"start":{"line":151,"column":19},"end":{"line":151,"column":null}},"type":"cond-expr","locations":[{"start":{"line":151,"column":34},"end":{"line":151,"column":84}},{"start":{"line":151,"column":84},"end":{"line":151,"column":null}}]},"12":{"loc":{"start":{"line":151,"column":34},"end":{"line":151,"column":84}},"type":"binary-expr","locations":[{"start":{"line":151,"column":34},"end":{"line":151,"column":77}},{"start":{"line":151,"column":77},"end":{"line":151,"column":84}}]},"13":{"loc":{"start":{"line":168,"column":4},"end":{"line":173,"column":null}},"type":"if","locations":[{"start":{"line":168,"column":4},"end":{"line":173,"column":null}},{"start":{},"end":{}}]},"14":{"loc":{"start":{"line":177,"column":22},"end":{"line":177,"column":32}},"type":"binary-expr","locations":[{"start":{"line":177,"column":22},"end":{"line":177,"column":30}},{"start":{"line":177,"column":30},"end":{"line":177,"column":32}}]},"15":{"loc":{"start":{"line":178,"column":28},"end":{"line":178,"column":44}},"type":"binary-expr","locations":[{"start":{"line":178,"column":28},"end":{"line":178,"column":42}},{"start":{"line":178,"column":42},"end":{"line":178,"column":44}}]},"16":{"loc":{"start":{"line":179,"column":28},"end":{"line":179,"column":44}},"type":"binary-expr","locations":[{"start":{"line":179,"column":28},"end":{"line":179,"column":42}},{"start":{"line":179,"column":42},"end":{"line":179,"column":44}}]},"17":{"loc":{"start":{"line":189,"column":24},"end":{"line":189,"column":null}},"type":"cond-expr","locations":[{"start":{"line":189,"column":40},"end":{"line":189,"column":88}},{"start":{"line":189,"column":88},"end":{"line":189,"column":null}}]},"18":{"loc":{"start":{"line":191,"column":46},"end":{"line":191,"column":76}},"type":"binary-expr","locations":[{"start":{"line":191,"column":46},"end":{"line":191,"column":60}},{"start":{"line":191,"column":64},"end":{"line":191,"column":76}}]},"19":{"loc":{"start":{"line":192,"column":23},"end":{"line":198,"column":null}},"type":"cond-expr","locations":[{"start":{"line":193,"column":8},"end":{"line":197,"column":null}},{"start":{"line":198,"column":8},"end":{"line":198,"column":null}}]},"20":{"loc":{"start":{"line":202,"column":23},"end":{"line":204,"column":null}},"type":"cond-expr","locations":[{"start":{"line":203,"column":8},"end":{"line":203,"column":null}},{"start":{"line":204,"column":8},"end":{"line":204,"column":null}}]},"21":{"loc":{"start":{"line":203,"column":60},"end":{"line":203,"column":81}},"type":"binary-expr","locations":[{"start":{"line":203,"column":60},"end":{"line":203,"column":73}},{"start":{"line":203,"column":77},"end":{"line":203,"column":81}}]},"22":{"loc":{"start":{"line":231,"column":4},"end":{"line":240,"column":null}},"type":"if","locations":[{"start":{"line":231,"column":4},"end":{"line":240,"column":null}},{"start":{},"end":{}}]},"23":{"loc":{"start":{"line":231,"column":8},"end":{"line":231,"column":47}},"type":"binary-expr","locations":[{"start":{"line":231,"column":8},"end":{"line":231,"column":23}},{"start":{"line":231,"column":23},"end":{"line":231,"column":47}}]},"24":{"loc":{"start":{"line":243,"column":24},"end":{"line":243,"column":null}},"type":"binary-expr","locations":[{"start":{"line":243,"column":24},"end":{"line":243,"column":37}},{"start":{"line":243,"column":41},"end":{"line":243,"column":null}}]},"25":{"loc":{"start":{"line":244,"column":24},"end":{"line":244,"column":47}},"type":"binary-expr","locations":[{"start":{"line":244,"column":24},"end":{"line":244,"column":38}},{"start":{"line":244,"column":42},"end":{"line":244,"column":47}}]},"26":{"loc":{"start":{"line":251,"column":13},"end":{"line":251,"column":null}},"type":"binary-expr","locations":[{"start":{"line":251,"column":13},"end":{"line":251,"column":26}},{"start":{"line":251,"column":30},"end":{"line":251,"column":null}}]},"27":{"loc":{"start":{"line":256,"column":33},"end":{"line":256,"column":65}},"type":"binary-expr","locations":[{"start":{"line":256,"column":33},"end":{"line":256,"column":56}},{"start":{"line":256,"column":60},"end":{"line":256,"column":65}}]},"28":{"loc":{"start":{"line":271,"column":50},"end":{"line":271,"column":92}},"type":"binary-expr","locations":[{"start":{"line":271,"column":50},"end":{"line":271,"column":80}},{"start":{"line":271,"column":80},"end":{"line":271,"column":92}}]},"29":{"loc":{"start":{"line":272,"column":29},"end":{"line":272,"column":null}},"type":"cond-expr","locations":[{"start":{"line":272,"column":45},"end":{"line":272,"column":94}},{"start":{"line":272,"column":94},"end":{"line":272,"column":null}}]},"30":{"loc":{"start":{"line":309,"column":35},"end":{"line":309,"column":null}},"type":"cond-expr","locations":[{"start":{"line":309,"column":51},"end":{"line":309,"column":100}},{"start":{"line":309,"column":100},"end":{"line":309,"column":null}}]},"31":{"loc":{"start":{"line":329,"column":12},"end":{"line":338,"column":14}},"type":"cond-expr","locations":[{"start":{"line":330,"column":12},"end":{"line":337,"column":null}},{"start":{"line":338,"column":12},"end":{"line":338,"column":14}}]},"32":{"loc":{"start":{"line":334,"column":58},"end":{"line":334,"column":100}},"type":"binary-expr","locations":[{"start":{"line":334,"column":58},"end":{"line":334,"column":88}},{"start":{"line":334,"column":88},"end":{"line":334,"column":100}}]},"33":{"loc":{"start":{"line":364,"column":61},"end":{"line":364,"column":null}},"type":"cond-expr","locations":[{"start":{"line":364,"column":75},"end":{"line":364,"column":79}},{"start":{"line":364,"column":79},"end":{"line":364,"column":null}}]},"34":{"loc":{"start":{"line":369,"column":2},"end":{"line":369,"column":null}},"type":"if","locations":[{"start":{"line":369,"column":2},"end":{"line":369,"column":null}},{"start":{},"end":{}}]},"35":{"loc":{"start":{"line":375,"column":2},"end":{"line":381,"column":null}},"type":"if","locations":[{"start":{"line":375,"column":2},"end":{"line":381,"column":null}},{"start":{"line":377,"column":9},"end":{"line":381,"column":null}}]},"36":{"loc":{"start":{"line":377,"column":9},"end":{"line":381,"column":null}},"type":"if","locations":[{"start":{"line":377,"column":9},"end":{"line":381,"column":null}},{"start":{"line":379,"column":9},"end":{"line":381,"column":null}}]}},"s":{"0":0,"1":0,"2":0,"3":0,"4":0,"5":0,"6":0,"7":0,"8":0,"9":0,"10":0,"11":0,"12":0,"13":0,"14":0,"15":0,"16":0,"17":0,"18":0,"19":0,"20":0,"21":0,"22":0,"23":0,"24":0,"25":0,"26":0,"27":0,"28":0,"29":0,"30":0,"31":0,"32":0,"33":0,"34":0,"35":0,"36":0,"37":0,"38":0,"39":0,"40":0,"41":0,"42":0,"43":0,"44":0,"45":0,"46":0,"47":0,"48":0,"49":0,"50":0,"51":0,"52":0,"53":0,"54":0,"55":0,"56":0,"57":0,"58":0,"59":0,"60":0,"61":0,"62":0,"63":0,"64":0,"65":0,"66":0,"67":0,"68":0,"69":0,"70":0,"71":0,"72":0,"73":0,"74":0,"75":0,"76":0,"77":0,"78":0,"79":0,"80":0,"81":0,"82":0,"83":0,"84":0,"85":0,"86":0,"87":0,"88":0,"89":0,"90":0,"91":0,"92":0,"93":0,"94":0,"95":0,"96":0,"97":0,"98":0,"99":0,"100":0,"101":0,"102":0,"103":0,"104":0,"105":0,"106":0,"107":0,"108":0,"109":0,"110":0,"111":0,"112":0,"113":0,"114":0,"115":0,"116":0,"117":0,"118":0,"119":0,"120":0,"121":0,"122":0,"123":0,"124":0,"125":0,"126":0,"127":0,"128":0,"129":0,"130":0,"131":0,"132":0,"133":0,"134":0,"135":0,"136":0,"137":0,"138":0,"139":0,"140":0,"141":0,"142":0,"143":0},"f":{"0":0,"1":0,"2":0,"3":0,"4":0,"5":0,"6":0,"7":0,"8":0,"9":0,"10":0,"11":0,"12":0,"13":0,"14":0,"15":0,"16":0,"17":0,"18":0,"19":0,"20":0,"21":0,"22":0,"23":0,"24":0,"25":0,"26":0,"27":0,"28":0,"29":0,"30":0,"31":0,"32":0,"33":0,"34":0,"35":0,"36":0,"37":0,"38":0},"b":{"0":[0,0],"1":[0,0],"2":[0,0],"3":[0,0],"4":[0,0],"5":[0,0],"6":[0,0],"7":[0,0],"8":[0,0],"9":[0,0],"10":[0,0],"11":[0,0],"12":[0,0],"13":[0,0],"14":[0,0],"15":[0,0],"16":[0,0],"17":[0,0],"18":[0,0],"19":[0,0],"20":[0,0],"21":[0,0],"22":[0,0],"23":[0,0],"24":[0,0],"25":[0,0],"26":[0,0],"27":[0,0],"28":[0,0],"29":[0,0],"30":[0,0],"31":[0,0],"32":[0,0],"33":[0,0],"34":[0,0],"35":[0,0],"36":[0,0]}}
,"/home/brunoadsba/sgn/src/app/api/conformidade/jobs/[id]/route.ts": {"path":"/home/brunoadsba/sgn/src/app/api/conformidade/jobs/[id]/route.ts","statementMap":{"0":{"start":{"line":257,"column":22},"end":{"line":257,"column":null}},"1":{"start":{"line":10,"column":22},"end":{"line":10,"column":null}},"2":{"start":{"line":154,"column":22},"end":{"line":154,"column":null}},"3":{"start":{"line":3,"column":13},"end":{"line":3,"column":26}},"4":{"start":{"line":1,"column":25},"end":{"line":1,"column":null}},"5":{"start":{"line":3,"column":26},"end":{"line":3,"column":29}},"6":{"start":{"line":14,"column":2},"end":{"line":150,"column":null}},"7":{"start":{"line":15,"column":26},"end":{"line":15,"column":null}},"8":{"start":{"line":17,"column":4},"end":{"line":22,"column":null}},"9":{"start":{"line":18,"column":6},"end":{"line":21,"column":null}},"10":{"start":{"line":25,"column":43},"end":{"line":39,"column":null}},"11":{"start":{"line":41,"column":4},"end":{"line":46,"column":null}},"12":{"start":{"line":42,"column":6},"end":{"line":45,"column":null}},"13":{"start":{"line":49,"column":36},"end":{"line":49,"column":null}},"14":{"start":{"line":50,"column":26},"end":{"line":50,"column":28}},"15":{"start":{"line":52,"column":4},"end":{"line":76,"column":null}},"16":{"start":{"line":54,"column":34},"end":{"line":58,"column":null}},"17":{"start":{"line":60,"column":6},"end":{"line":75,"column":null}},"18":{"start":{"line":61,"column":8},"end":{"line":61,"column":null}},"19":{"start":{"line":64,"column":35},"end":{"line":72,"column":null}},"20":{"start":{"line":74,"column":8},"end":{"line":74,"column":null}},"21":{"start":{"line":74,"column":22},"end":{"line":74,"column":null}},"22":{"start":{"line":79,"column":27},"end":{"line":81,"column":null}},"23":{"start":{"line":83,"column":23},"end":{"line":85,"column":null}},"24":{"start":{"line":88,"column":23},"end":{"line":88,"column":59}},"25":{"start":{"line":89,"column":24},"end":{"line":89,"column":null}},"26":{"start":{"line":91,"column":21},"end":{"line":140,"column":null}},"27":{"start":{"line":132,"column":36},"end":{"line":132,"column":64}},"28":{"start":{"line":133,"column":33},"end":{"line":133,"column":58}},"29":{"start":{"line":134,"column":34},"end":{"line":134,"column":60}},"30":{"start":{"line":135,"column":34},"end":{"line":135,"column":60}},"31":{"start":{"line":136,"column":39},"end":{"line":136,"column":61}},"32":{"start":{"line":137,"column":38},"end":{"line":137,"column":61}},"33":{"start":{"line":142,"column":4},"end":{"line":142,"column":null}},"34":{"start":{"line":145,"column":4},"end":{"line":145,"column":null}},"35":{"start":{"line":146,"column":4},"end":{"line":149,"column":null}},"36":{"start":{"line":158,"column":2},"end":{"line":253,"column":null}},"37":{"start":{"line":159,"column":26},"end":{"line":159,"column":null}},"38":{"start":{"line":160,"column":17},"end":{"line":160,"column":null}},"39":{"start":{"line":161,"column":60},"end":{"line":161,"column":null}},"40":{"start":{"line":163,"column":4},"end":{"line":168,"column":null}},"41":{"start":{"line":164,"column":6},"end":{"line":167,"column":null}},"42":{"start":{"line":171,"column":29},"end":{"line":171,"column":null}},"43":{"start":{"line":172,"column":4},"end":{"line":177,"column":null}},"44":{"start":{"line":173,"column":6},"end":{"line":176,"column":null}},"45":{"start":{"line":180,"column":4},"end":{"line":185,"column":null}},"46":{"start":{"line":181,"column":6},"end":{"line":184,"column":null}},"47":{"start":{"line":194,"column":9},"end":{"line":194,"column":null}},"48":{"start":{"line":196,"column":4},"end":{"line":196,"column":null}},"49":{"start":{"line":196,"column":16},"end":{"line":196,"column":null}},"50":{"start":{"line":197,"column":4},"end":{"line":197,"column":null}},"51":{"start":{"line":197,"column":33},"end":{"line":197,"column":null}},"52":{"start":{"line":198,"column":4},"end":{"line":198,"column":null}},"53":{"start":{"line":198,"column":23},"end":{"line":198,"column":null}},"54":{"start":{"line":201,"column":4},"end":{"line":203,"column":null}},"55":{"start":{"line":202,"column":6},"end":{"line":202,"column":null}},"56":{"start":{"line":204,"column":4},"end":{"line":207,"column":null}},"57":{"start":{"line":205,"column":6},"end":{"line":205,"column":null}},"58":{"start":{"line":206,"column":6},"end":{"line":206,"column":null}},"59":{"start":{"line":210,"column":56},"end
[...]
,"/home/brunoadsba/sgn/src/middlewares/validation.ts": {"path":"/home/brunoadsba/sgn/src/middlewares/validation.ts","statementMap":{"0":{"start":{"line":48,"column":16},"end":{"line":48,"column":null}},"1":{"start":{"line":65,"column":16},"end":{"line":65,"column":null}},"2":{"start":{"line":24,"column":16},"end":{"line":24,"column":null}},"3":{"start":{"line":5,"column":16},"end":{"line":5,"column":null}},"4":{"start":{"line":35,"column":22},"end":{"line":35,"column":null}},"5":{"start":{"line":82,"column":16},"end":{"line":82,"column":null}},"6":{"start":{"line":1,"column":42},"end":{"line":1,"column":null}},"7":{"start":{"line":2,"column":36},"end":{"line":2,"column":null}},"8":{"start":{"line":9,"column":2},"end":{"line":20,"column":null}},"9":{"start":{"line":10,"column":26},"end":{"line":10,"column":null}},"10":{"start":{"line":11,"column":4},"end":{"line":11,"column":null}},"11":{"start":{"line":13,"column":4},"end":{"line":18,"column":null}},"12":{"start":{"line":14,"column":28},"end":{"line":16,"column":null}},"13":{"start":{"line":15,"column":8},"end":{"line":15,"column":47}},"14":{"start":{"line":17,"column":6},"end":{"line":17,"column":null}},"15":{"start":{"line":19,"column":4},"end":{"line":19,"column":null}},"16":{"start":{"line":28,"column":14},"end":{"line":28,"column":null}},"17":{"start":{"line":29,"column":22},"end":{"line":29,"column":null}},"18":{"start":{"line":31,"column":2},"end":{"line":31,"column":null}},"19":{"start":{"line":39,"column":2},"end":{"line":44,"column":null}},"20":{"start":{"line":40,"column":17},"end":{"line":40,"column":null}},"21":{"start":{"line":41,"column":4},"end":{"line":41,"column":null}},"22":{"start":{"line":43,"column":4},"end":{"line":43,"column":null}},"23":{"start":{"line":53,"column":2},"end":{"line":60,"column":null}},"24":{"start":{"line":70,"column":2},"end":{"line":77,"column":null}},"25":{"start":{"line":86,"column":2},"end":{"line":126,"column":null}},"26":{"start":{"line":93,"column":4},"end":{"line":125,"column":null}},"27":{"start":{"line":94,"column":6},"end":{"line":124,"column":null}},"28":{"start":{"line":97,"column":8},"end":{"line":103,"column":null}},"29":{"start":{"line":98,"column":34},"end":{"line":98,"column":null}},"30":{"start":{"line":99,"column":10},"end":{"line":101,"column":null}},"31":{"start":{"line":100,"column":12},"end":{"line":100,"column":null}},"32":{"start":{"line":102,"column":10},"end":{"line":102,"column":null}},"33":{"start":{"line":107,"column":8},"end":{"line":113,"column":null}},"34":{"start":{"line":108,"column":33},"end":{"line":108,"column":null}},"35":{"start":{"line":109,"column":10},"end":{"line":111,"column":null}},"36":{"start":{"line":110,"column":12},"end":{"line":110,"column":null}},"37":{"start":{"line":112,"column":10},"end":{"line":112,"column":null}},"38":{"start":{"line":116,"column":8},"end":{"line":116,"column":null}},"39":{"start":{"line":118,"column":8},"end":{"line":118,"column":null}},"40":{"start":{"line":119,"column":8},"end":{"line":122,"column":null}}},"fnMap":{"0":{"name":"validateRequest","decl":{"start":{"line":5,"column":16},"end":{"line":5,"column":null}},"loc":{"start":{"line":7,"column":15},"end":{"line":21,"column":null}}},"1":{"name":"(anonymous_8)","decl":{"start":{"line":14,"column":45},"end":{"line":14,"column":null}},"loc":{"start":{"line":15,"column":8},"end":{"line":15,"column":47}}},"2":{"name":"validateQueryParams","decl":{"start":{"line":24,"column":16},"end":{"line":24,"column":null}},"loc":{"start":{"line":26,"column":22},"end":{"line":32,"column":null}}},"3":{"name":"validateRequestBody","decl":{"start":{"line":35,"column":22},"end":{"line":35,"column":null}},"loc":{"start":{"line":37,"column":22},"end":{"line":45,"column":null}}},"4":{"name":"createErrorResponse","decl":{"start":{"line":48,"column":16},"end":{"line":48,"column":null}},"loc":{"start":{"line":51,"column":15},"end":{"line":62,"column":null}}},"5":{"name":"createSuccessResponse","decl":{"start":{"line":65,"column":16},"end":{"line":65,"column":null}},"loc":{"start":{"line":68,"column":22},"end":{"line":79,"column":null}}},"6":{"name":"withValidation","decl":{"start":{"line":82,"column":16},"end":{"line":82,"column":null}},"loc":{"start":{"line":84,"column":33},"end":{"line":127,"column":null}}},"7":{"name":"(anonymous_14)","decl":{"start":{"line":86,"column":9},"end":{"line":86,"column":null}},"loc":{"start":{"line":91,"column":30},"end":{"line":126,"column":null}}},"8":{"name":"(anonymous_15)","decl":{"start":{"line":93,"column":11},"end":{"line":93,"column":18}},"loc":{"start":{"line":93,"column":18},"end":{"line":125,"column":null}}}},"branchMap":{"0":{"loc":{"start":{"line":13,"column":4},"end":{"line":18,"column":null}},"type":"if","locations":[{"start":{"line":13,"column":4},"end":{"line":18,"column":null}},{"start":{},"end":{}}]},"1":{"loc":{"start":{"line":50,"column":2},"end":{"line":50,"column":22}},"type":"default-arg","locations":[{"start":{"line":50,"column":19},"end":{"line":50,"column":22}}]},"2":{"loc":{"start":{"line":68,"column":2},"end":{"line":68,"column":22}},"type":"default-arg","locations":[{"start":{"line":68,"column":19},"end":{"line":68,"column":22}}]},"3":{"loc":{"start":{"line":97,"column":8},"end":{"line":103,"column":null}},"type":"if","locations":[{"start":{"line":97,"column":8},"end":{"line":103,"column":null}},{"start":{},"end":{}}]},"4":{"loc":{"start":{"line":99,"column":10},"end":{"line":101,"column":null}},"type":"if","locations":[{"start":{"line":99,"column":10},"end":{"line":101,"column":null}},{"start":{},"end":{}}]},"5":{"loc":{"start":{"line":107,"column":8},"end":{"line":113,"column":null}},"type":"if","locations":[{"start":{"line":107,"column":8},"end":{"line":113,"column":null}},{"start":{},"end":{}}]},"6":{"loc":{"start":{"line":109,"column":10},"end":{"line":111,"column":null}},"type":"if","locations":[{"start":{"line":109,"column":10},"end":{"line":111,"column":null}},{"start":{},"end":{}}]},"7":{"loc":{"start":{"line":122,"column":10},"end":{"line":122,"column":null}},"type":"cond-expr","locations":[{"start":{"line":122,"column":35},"end":{"line":122,"column":48}},{"start":{"line":122,"column":51},"end":{"line":122,"column":null}}]}},"s":{"0":0,"1":0,"2":0,"3":0,"4":0,"5":0,"6":0,"7":0,"8":0,"9":0,"10":0,"11":0,"12":0,"13":0,"14":0,"15":0,"16":0,"17":0,"18":0,"19":0,"20":0,"21":0,"22":0,"23":0,"24":0,"25":0,"26":0,"27":0,"28":0,"29":0,"30":0,"31":0,"32":0,"33":0,"34":0,"35":0,"36":0,"37":0,"38":0,"39":0,"40":0},"f":{"0":0,"1":0,"2":0,"3":0,"4":0,"5":0,"6":0,"7":0,"8":0},"b":{"0":[0,0],"1":[0],"2":[0],"3":[0,0],"4":[0,0],"5":[0,0],"6":[0,0],"7":[0,0]}}
,"/home/brunoadsba/sgn/src/schemas/empresaSchema.ts": {"path":"/home/brunoadsba/sgn/src/schemas/empresaSchema.ts","statementMap":{"0":{"start":{"line":3,"column":13},"end":{"line":3,"column":35}},"1":{"start":{"line":18,"column":13},"end":{"line":18,"column":36}},"2":{"start":{"line":15,"column":13},"end":{"line":15,"column":35}},"3":{"start":{"line":23,"column":13},"end":{"line":23,"column":37}},"4":{"start":{"line":1,"column":18},"end":{"line":1,"column":null}},"5":{"start":{"line":3,"column":35},"end":{"line":12,"column":null}},"6":{"start":{"line":15,"column":35},"end":{"line":15,"column":null}},"7":{"start":{"line":18,"column":36},"end":{"line":20,"column":null}},"8":{"start":{"line":23,"column":37},"end":{"line":29,"column":null}}},"fnMap":{},"branchMap":{},"s":{"0":0,"1":0,"2":0,"3":0,"4":0,"5":0,"6":0,"7":0,"8":0},"f":{},"b":{}}
,"/home/brunoadsba/sgn/src/schemas/index.ts": {"path":"/home/brunoadsba/sgn/src/schemas/index.ts","statementMap":{"0":{"start":{"line":64,"column":13},"end":{"line":64,"column":28}},"1":{"start":{"line":37,"column":13},"end":{"line":37,"column":41}},"2":{"start":{"line":110,"column":13},"end":{"line":110,"column":33}},"3":{"start":{"line":93,"column":13},"end":{"line":93,"column":34}},"4":{"start":{"line":84,"column":13},"end":{"line":84,"column":35}},"5":{"start":{"line":81,"column":13},"end":{"line":81,"column":35}},"6":{"start":{"line":78,"column":13},"end":{"line":78,"column":33}},"7":{"start":{"line":20,"column":13},"end":{"line":20,"column":29}},"8":{"start":{"line":51,"column":13},"end":{"line":51,"column":37}},"9":{"start":{"line":4,"column":13},"end":{"line":4,"column":27}},"10":{"start":{"line":101,"column":13},"end":{"line":101,"column":33}},"11":{"start":{"line":82,"column":13},"end":{"line":82,"column":35}},"12":{"start":{"line":79,"column":13},"end":{"line":79,"column":33}},"13":{"start":{"line":1,"column":18},"end":{"line":1,"column":null}},"14":{"start":{"line":4,"column":27},"end":{"line":17,"column":null}},"15":{"start":{"line":20,"column":29},"end":{"line":34,"column":null}},"16":{"start":{"line":37,"column":41},"end":{"line":48,"column":null}},"17":{"start":{"line":51,"column":37},"end":{"line":61,"column":null}},"18":{"start":{"line":64,"column":28},"end":{"line":75,"column":null}},"19":{"start":{"line":78,"column":33},"end":{"line":78,"column":null}},"20":{"start":{"line":79,"column":33},"end":{"line":79,"column":null}},"21":{"start":{"line":81,"column":35},"end":{"line":81,"column":null}},"22":{"start":{"line":82,"column":35},"end":{"line":82,"column":null}},"23":{"start":{"line":84,"column":35},"end":{"line":91,"column":null}},"24":{"start":{"line":93,"column":34},"end":{"line":98,"column":null}},"25":{"start":{"line":101,"column":33},"end":{"line":107,"column":null}},"26":{"start":{"line":110,"column":33},"end":{"line":121,"column":null}}},"fnMap":{},"branchMap":{},"s":{"0":0,"1":0,"2":0,"3":0,"4":0,"5":0,"6":0,"7":0,"8":0,"9":0,"10":0,"11":0,"12":0,"13":0,"14":0,"15":0,"16":0,"17":0,"18":0,"19":0,"20":0,"21":0,"22":0,"23":0,"24":0,"25":0,"26":0},"f":{},"b":{}}
,"/home/brunoadsba/sgn/src/schemas/normaSchema.ts": {"path":"/home/brunoadsba/sgn/src/schemas/normaSchema.ts","statementMap":{"0":{"start":{"line":14,"column":13},"end":{"line":14,"column":33}},"1":{"start":{"line":3,"column":13},"end":{"line":3,"column":34}},"2":{"start":{"line":7,"column":13},"end":{"line":7,"column":34}},"3":{"start":{"line":1,"column":18},"end":{"line":1,"column":null}},"4":{"start":{"line":3,"column":34},"end":{"line":5,"column":null}},"5":{"start":{"line":7,"column":34},"end":{"line":12,"column":null}},"6":{"start":{"line":14,"column":33},"end":{"line":29,"column":null}}},"fnMap":{},"branchMap":{},"s":{"0":0,"1":0,"2":0,"3":0,"4":0,"5":0,"6":0},"f":{},"b":{}}
,"/home/brunoadsba/sgn/src/types/ia.ts": {"path":"/home/brunoadsba/sgn/src/types/ia.ts","statementMap":{"0":{"start":{"line":169,"column":12},"end":{"line":169,"column":null}},"1":{"start":{"line":181,"column":12},"end":{"line":181,"column":null}},"2":{"start":{"line":189,"column":12},"end":{"line":189,"column":null}}},"fnMap":{},"branchMap":{},"s":{"0":0,"1":0,"2":0},"f":{},"b":{}}
,"/home/brunoadsba/sgn/src/utils/errors.ts": {"path":"/home/brunoadsba/sgn/src/utils/errors.ts","statementMap":{"0":{"start":{"line":2,"column":13},"end":{"line":2,"column":30}},"1":{"start":{"line":19,"column":13},"end":{"line":19,"column":37}},"2":{"start":{"line":31,"column":13},"end":{"line":31,"column":36}},"3":{"start":{"line":43,"column":13},"end":{"line":43,"column":41}},"4":{"start":{"line":37,"column":13},"end":{"line":37,"column":35}},"5":{"start":{"line":55,"column":13},"end":{"line":55,"column":45}},"6":{"start":{"line":25,"column":13},"end":{"line":25,"column":39}},"7":{"start":{"line":49,"column":13},"end":{"line":49,"column":37}},"8":{"start":{"line":7,"column":4},"end":{"line":7,"column":null}},"9":{"start":{"line":8,"column":4},"end":{"line":8,"column":null}},"10":{"start":{"line":9,"column":4},"end":{"line":9,"column":null}},"11":{"start":{"line":11,"column":4},"end":{"line":15,"column":null}},"12":{"start":{"line":12,"column":6},"end":{"line":12,"column":null}},"13":{"start":{"line":14,"column":6},"end":{"line":14,"column":null}},"14":{"start":{"line":21,"column":4},"end":{"line":21,"column":null}},"15":{"start":{"line":27,"column":4},"end":{"line":27,"column":null}},"16":{"start":{"line":33,"column":4},"end":{"line":33,"column":null}},"17":{"start":{"line":39,"column":4},"end":{"line":39,"column":null}},"18":{"start":{"line":45,"column":4},"end":{"line":45,"column":39}},"19":{"start":{"line":51,"column":4},"end":{"line":51,"column":null}},"20":{"start":{"line":57,"column":4},"end":{"line":57,"column":null}}},"fnMap":{"0":{"name":"(anonymous_9)","decl":{"start":{"line":6,"column":2},"end":{"line":6,"column":14}},"loc":{"start":{"line":6,"column":85},"end":{"line":16,"column":null}}},"1":{"name":"(anonymous_10)","decl":{"start":{"line":20,"column":2},"end":{"line":20,"column":14}},"loc":{"start":{"line":20,"column":60},"end":{"line":22,"column":null}}},"2":{"name":"(anonymous_11)","decl":{"start":{"line":26,"column":2},"end":{"line":26,"column":14}},"loc":{"start":{"line":26,"column":55},"end":{"line":28,"column":null}}},"3":{"name":"(anonymous_12)","decl":{"start":{"line":32,"column":2},"end":{"line":32,"column":14}},"loc":{"start":{"line":32,"column":56},"end":{"line":34,"column":null}}},"4":{"name":"(anonymous_13)","decl":{"start":{"line":38,"column":2},"end":{"line":38,"column":14}},"loc":{"start":{"line":38,"column":63},"end":{"line":40,"column":null}}},"5":{"name":"(anonymous_14)","decl":{"start":{"line":44,"column":2},"end":{"line":44,"column":14}},"loc":{"start":{"line":44,"column":65},"end":{"line":46,"column":null}}},"6":{"name":"(anonymous_15)","decl":{"start":{"line":50,"column":2},"end":{"line":50,"column":14}},"loc":{"start":{"line":50,"column":69},"end":{"line":52,"column":null}}},"7":{"name":"(anonymous_16)","decl":{"start":{"line":56,"column":2},"end":{"line":56,"column":14}},"loc":{"start":{"line":56,"column":61},"end":{"line":58,"column":null}}}},"branchMap":{"0":{"loc":{"start":{"line":6,"column":51},"end":{"line":6,"column":71}},"type":"default-arg","locations":[{"start":{"line":6,"column":67},"end":{"line":6,"column":71}}]},"1":{"loc":{"start":{"line":6,"column":73},"end":{"line":6,"column":83}},"type":"default-arg","locations":[{"start":{"line":6,"column":81},"end":{"line":6,"column":83}}]},"2":{"loc":{"start":{"line":11,"column":4},"end":{"line":15,"column":null}},"type":"if","locations":[{"start":{"line":11,"column":4},"end":{"line":15,"column":null}},{"start":{"line":13,"column":11},"end":{"line":15,"column":null}}]},"3":{"loc":{"start":{"line":20,"column":14},"end":{"line":20,"column":46}},"type":"default-arg","locations":[{"start":{"line":20,"column":24},"end":{"line":20,"column":46}}]},"4":{"loc":{"start":{"line":20,"column":48},"end":{"line":20,"column":58}},"type":"default-arg","locations":[{"start":{"line":20,"column":56},"end":{"line":20,"column":58}}]},"5":{"loc":{"start":{"line":26,"column":14},"end":{"line":26,"column":41}},"type":"default-arg","locations":[{"start":{"line":26,"column":24},"end":{"line":26,"column":41}}]},"6":{"loc":{"start":{"line":26,"column":43},"end":{"line":26,"column":53}},"type":"default-arg","locations":[{"start":{"line":26,"column":51},"end":{"line":26,"column":53}}]},"7":{"loc":{"start":{"line":32,"column":14},"end":{"line":32,"column":42}},"type":"default-arg","locations":[{"start":{"line":32,"column":24},"end":{"line":32,"column":42}}]},"8":{"loc":{"start":{"line":32,"column":44},"end":{"line":32,"column":54}},"type":"default-arg","locations":[{"start":{"line":32,"column":52},"end":{"line":32,"column":54}}]},"9":{"loc":{"start":{"line":38,"column":14},"end":{"line":38,"column":49}},"type":"default-arg","locations":[{"start":{"line":38,"column":24},"end":{"line":38,"column":49}}]},"10":{"loc":{"start":{"line":38,"column":51},"end":{"line":38,"column":61}},"type":"default-arg","locations":[{"start":{"line":38,"column":59},"end":{"line":38,"column":61}}]},"11":{"loc":{"start":{"line":44,"column":14},"end":{"line":44,"column":51}},"type":"default-arg","locations":[{"start":{"line":44,"column":24},"end":{"line":44,"column":51}}]},"12":{"loc":{"start":{"line":44,"column":53},"end":{"line":44,"column":63}},"type":"default-arg","locations":[{"start":{"line":44,"column":61},"end":{"line":44,"column":63}}]},"13":{"loc":{"start":{"line":50,"column":14},"end":{"line":50,"column":55}},"type":"default-arg","locations":[{"start":{"line":50,"column":24},"end":{"line":50,"column":55}}]},"14":{"loc":{"start":{"line":50,"column":57},"end":{"line":50,"column":67}},"type":"default-arg","locations":[{"start":{"line":50,"column":65},"end":{"line":50,"column":67}}]},"15":{"loc":{"start":{"line":56,"column":14},"end":{"line":56,"column":47}},"type":"default-arg","locations":[{"start":{"line":56,"column":24},"end":{"line":56,"column":47}}]},"16":{"loc":{"start":{"line":56,"column":49},"end":{"line":56,"column":59}},"type":"default-arg","locations":[{"start":{"line":56,"column":57},"end":{"line":56,"column":59}}]}},"s":{"0":0,"1":0,"2":0,"3":0,"4":0,"5":0,"6":0,"7":0,"8":0,"9":0,"10":0,"11":0,"12":0,"13":0,"14":0,"15":0,"16":0,"17":0,"18":0,"19":0,"20":0},"f":{"0":0,"1":0,"2":0,"3":0,"4":0,"5":0,"6":0,"7":0},"b":{"0":[0],"1":[0],"2":[0,0],"3":[0],"4":[0],"5":[0],"6":[0],"7":[0],"8":[0],"9":[0],"10":[0],"11":[0],"12":[0],"13":[0],"14":[0],"15":[0],"16":[0]}}
,"/home/brunoadsba/sgn/src/utils/logger.ts": {"path":"/home/brunoadsba/sgn/src/utils/logger.ts","statementMap":{"0":{"start":{"line":2,"column":13},"end":{"line":2,"column":22}},"1":{"start":{"line":2,"column":22},"end":{"line":17,"column":null}},"2":{"start":{"line":4,"column":4},"end":{"line":4,"column":null}},"3":{"start":{"line":7,"column":4},"end":{"line":7,"column":null}},"4":{"start":{"line":10,"column":4},"end":{"line":10,"column":null}},"5":{"start":{"line":13,"column":4},"end":{"line":15,"column":null}},"6":{"start":{"line":14,"column":6},"end":{"line":14,"column":null}}},"fnMap":{"0":{"name":"(anonymous_1)","decl":{"start":{"line":3,"column":8},"end":{"line":3,"column":9}},"loc":{"start":{"line":3,"column":26},"end":{"line":5,"column":null}}},"1":{"name":"(anonymous_2)","decl":{"start":{"line":6,"column":8},"end":{"line":6,"column":9}},"loc":{"start":{"line":6,"column":26},"end":{"line":8,"column":null}}},"2":{"name":"(anonymous_3)","decl":{"start":{"line":9,"column":9},"end":{"line":9,"column":10}},"loc":{"start":{"line":9,"column":27},"end":{"line":11,"column":null}}},"3":{"name":"(anonymous_4)","decl":{"start":{"line":12,"column":9},"end":{"line":12,"column":10}},"loc":{"start":{"line":12,"column":27},"end":{"line":16,"column":null}}}},"branchMap":{"0":{"loc":{"start":{"line":4,"column":37},"end":{"line":4,"column":null}},"type":"cond-expr","locations":[{"start":{"line":4,"column":44},"end":{"line":4,"column":67}},{"start":{"line":4,"column":67},"end":{"line":4,"column":null}}]},"1":{"loc":{"start":{"line":7,"column":38},"end":{"line":7,"column":null}},"type":"cond-expr","locations":[{"start":{"line":7,"column":45},"end":{"line":7,"column":68}},{"start":{"line":7,"column":68},"end":{"line":7,"column":null}}]},"2":{"loc":{"start":{"line":10,"column":40},"end":{"line":10,"column":null}},"type":"cond-expr","locations":[{"start":{"line":10,"column":47},"end":{"line":10,"column":70}},{"start":{"line":10,"column":70},"end":{"line":10,"column":null}}]},"3":{"loc":{"start":{"line":13,"column":4},"end":{"line":15,"column":null}},"type":"if","locations":[{"start":{"line":13,"column":4},"end":{"line":15,"column":null}},{"start":{},"end":{}}]},"4":{"loc":{"start":{"line":14,"column":42},"end":{"line":14,"column":null}},"type":"cond-expr","locations":[{"start":{"line":14,"column":49},"end":{"line":14,"column":72}},{"start":{"line":14,"column":72},"end":{"line":14,"column":null}}]}},"s":{"0":0,"1":0,"2":0,"3":0,"4":0,"5":0,"6":0},"f":{"0":0,"1":0,"2":0,"3":0},"b":{"0":[0,0],"1":[0,0],"2":[0,0],"3":[0,0],"4":[0,0]}}
}
